[ 2017-12-17T04:48:53+08:00 ] 100.97.89.50 /
INFO: [ app_init ] --START--
INFO: Run Behavior\BuildLiteBehavior [ RunTime:0.000010s ]
INFO: [ app_init ] --END-- [ RunTime:0.000072s ]
INFO: [ app_begin ] --START--
INFO: Run Behavior\ReadHtmlCacheBehavior [ RunTime:0.000030s ]
INFO: [ app_begin ] --END-- [ RunTime:0.000053s ]
SQL: SHOW COLUMNS FROM `wtf_store` [ RunTime:0.0010s ]
SQL: SELECT DISTINCT  `city` FROM `wtf_store` ORDER BY city DESC  [ RunTime:0.0009s ]

[ 2017-12-17T13:32:59+08:00 ] 100.97.89.87 /?from=groupmessage&isappinstalled=0
INFO: [ app_init ] --START--
INFO: Run Behavior\BuildLiteBehavior [ RunTime:0.000011s ]
INFO: [ app_init ] --END-- [ RunTime:0.000072s ]
INFO: [ app_begin ] --START--
INFO: Run Behavior\ReadHtmlCacheBehavior [ RunTime:0.000029s ]
INFO: [ app_begin ] --END-- [ RunTime:0.000062s ]
SQL: SHOW COLUMNS FROM `wtf_store` [ RunTime:0.0011s ]
SQL: SELECT DISTINCT  `city` FROM `wtf_store` ORDER BY city DESC  [ RunTime:0.0009s ]

[ 2017-12-17T13:33:00+08:00 ] 100.97.89.88 /home/Index/getCode?openid=ocrzDjjMlzxCK3LVO7IorjisQcEg
INFO: [ app_init ] --START--
INFO: Run Behavior\BuildLiteBehavior [ RunTime:0.000009s ]
INFO: [ app_init ] --END-- [ RunTime:0.000070s ]
INFO: [ app_begin ] --START--
INFO: Run Behavior\ReadHtmlCacheBehavior [ RunTime:0.000025s ]
INFO: [ app_begin ] --END-- [ RunTime:0.000047s ]

[ 2017-12-17T13:33:00+08:00 ] 100.97.89.86 /Home/index/index.html
INFO: [ app_init ] --START--
INFO: Run Behavior\BuildLiteBehavior [ RunTime:0.000009s ]
INFO: [ app_init ] --END-- [ RunTime:0.000066s ]
INFO: [ app_begin ] --START--
INFO: Run Behavior\ReadHtmlCacheBehavior [ RunTime:0.000031s ]
INFO: [ app_begin ] --END-- [ RunTime:0.000056s ]
SQL: SHOW COLUMNS FROM `wtf_store` [ RunTime:0.0010s ]
SQL: SELECT DISTINCT  `city` FROM `wtf_store` ORDER BY city DESC  [ RunTime:0.0009s ]
INFO: [ view_parse ] --START--
INFO: [ template_filter ] --START--
INFO: Run Behavior\ContentReplaceBehavior [ RunTime:0.000087s ]
INFO: [ template_filter ] --END-- [ RunTime:0.000132s ]
INFO: Run Behavior\ParseTemplateBehavior [ RunTime:0.003694s ]
INFO: [ view_parse ] --END-- [ RunTime:0.003740s ]
INFO: [ view_filter ] --START--
INFO: Run Behavior\WriteHtmlCacheBehavior [ RunTime:0.000039s ]
INFO: [ view_filter ] --END-- [ RunTime:0.000057s ]
INFO: [ app_end ] --START--
INFO: Run Behavior\ShowPageTraceBehavior [ RunTime:0.000057s ]
INFO: [ app_end ] --END-- [ RunTime:0.000086s ]

[ 2017-12-17T13:33:38+08:00 ] 100.97.89.86 /?from=groupmessage&isappinstalled=0
INFO: [ app_init ] --START--
INFO: Run Behavior\BuildLiteBehavior [ RunTime:0.000010s ]
INFO: [ app_init ] --END-- [ RunTime:0.000071s ]
INFO: [ app_begin ] --START--
INFO: Run Behavior\ReadHtmlCacheBehavior [ RunTime:0.000029s ]
INFO: [ app_begin ] --END-- [ RunTime:0.000052s ]
SQL: SHOW COLUMNS FROM `wtf_store` [ RunTime:0.0010s ]
SQL: SELECT DISTINCT  `city` FROM `wtf_store` ORDER BY city DESC  [ RunTime:0.0008s ]
INFO: [ view_parse ] --START--
INFO: [ template_filter ] --START--
INFO: Run Behavior\ContentReplaceBehavior [ RunTime:0.000080s ]
INFO: [ template_filter ] --END-- [ RunTime:0.000110s ]
INFO: Run Behavior\ParseTemplateBehavior [ RunTime:0.003432s ]
INFO: [ view_parse ] --END-- [ RunTime:0.003463s ]
INFO: [ view_filter ] --START--
INFO: Run Behavior\WriteHtmlCacheBehavior [ RunTime:0.000035s ]
INFO: [ view_filter ] --END-- [ RunTime:0.000053s ]
INFO: [ app_end ] --START--
INFO: Run Behavior\ShowPageTraceBehavior [ RunTime:0.000031s ]
INFO: [ app_end ] --END-- [ RunTime:0.000062s ]

[ 2017-12-17T13:34:14+08:00 ] 100.97.89.53 /Home/Index/saveInfo.html
INFO: [ app_init ] --START--
INFO: Run Behavior\BuildLiteBehavior [ RunTime:0.000011s ]
INFO: [ app_init ] --END-- [ RunTime:0.000084s ]
INFO: [ app_begin ] --START--
INFO: Run Behavior\ReadHtmlCacheBehavior [ RunTime:0.000035s ]
INFO: [ app_begin ] --END-- [ RunTime:0.000059s ]
SQL: SHOW COLUMNS FROM `wtf_info` [ RunTime:0.0010s ]
SQL: INSERT INTO `wtf_info` (`to`,`from`,`content`,`openid`) VALUES ('哈','12','啊','ocrzDjjMlzxCK3LVO7IorjisQcEg') [ RunTime:0.0013s ]

[ 2017-12-17T13:34:43+08:00 ] 100.97.89.49 /Home/Index/storelist.html
INFO: [ app_init ] --START--
INFO: Run Behavior\BuildLiteBehavior [ RunTime:0.000011s ]
INFO: [ app_init ] --END-- [ RunTime:0.000073s ]
INFO: [ app_begin ] --START--
INFO: Run Behavior\ReadHtmlCacheBehavior [ RunTime:0.000035s ]
INFO: [ app_begin ] --END-- [ RunTime:0.000060s ]
SQL: SHOW COLUMNS FROM `wtf_store` [ RunTime:0.0010s ]
SQL: SELECT `store`,`phone`,`address` FROM `wtf_store` WHERE ( city='青岛' )  [ RunTime:0.0007s ]

[ 2017-12-17T13:34:48+08:00 ] 100.97.89.48 /Home/Index/sendcard.html
INFO: [ app_init ] --START--
INFO: Run Behavior\BuildLiteBehavior [ RunTime:0.000010s ]
INFO: [ app_init ] --END-- [ RunTime:0.000074s ]
INFO: [ app_begin ] --START--
INFO: Run Behavior\ReadHtmlCacheBehavior [ RunTime:0.000036s ]
INFO: [ app_begin ] --END-- [ RunTime:0.000060s ]
SQL: SHOW COLUMNS FROM `wtf_card` [ RunTime:0.0010s ]
SQL: SELECT * FROM `wtf_card` WHERE ( openid='ocrzDjjMlzxCK3LVO7IorjisQcEg' )  [ RunTime:0.0007s ]

[ 2017-12-17T13:34:56+08:00 ] 100.97.89.56 /Home/Index/sendcard.html
INFO: [ app_init ] --START--
INFO: Run Behavior\BuildLiteBehavior [ RunTime:0.000011s ]
INFO: [ app_init ] --END-- [ RunTime:0.000071s ]
INFO: [ app_begin ] --START--
INFO: Run Behavior\ReadHtmlCacheBehavior [ RunTime:0.000028s ]
INFO: [ app_begin ] --END-- [ RunTime:0.000076s ]
SQL: SHOW COLUMNS FROM `wtf_card` [ RunTime:0.0010s ]
SQL: SELECT * FROM `wtf_card` WHERE ( openid='ocrzDjjMlzxCK3LVO7IorjisQcEg' )  [ RunTime:0.0008s ]

[ 2017-12-17T13:34:58+08:00 ] 100.97.89.58 /Home/Index/sendcard.html
INFO: [ app_init ] --START--
INFO: Run Behavior\BuildLiteBehavior [ RunTime:0.000011s ]
INFO: [ app_init ] --END-- [ RunTime:0.000069s ]
INFO: [ app_begin ] --START--
INFO: Run Behavior\ReadHtmlCacheBehavior [ RunTime:0.000024s ]
INFO: [ app_begin ] --END-- [ RunTime:0.000048s ]
SQL: SHOW COLUMNS FROM `wtf_card` [ RunTime:0.0010s ]
SQL: SELECT * FROM `wtf_card` WHERE ( openid='ocrzDjjMlzxCK3LVO7IorjisQcEg' )  [ RunTime:0.0012s ]

[ 2017-12-17T13:34:59+08:00 ] 100.97.89.61 /Home/Index/sendcard.html
INFO: [ app_init ] --START--
INFO: Run Behavior\BuildLiteBehavior [ RunTime:0.000011s ]
INFO: [ app_init ] --END-- [ RunTime:0.000076s ]
INFO: [ app_begin ] --START--
INFO: Run Behavior\ReadHtmlCacheBehavior [ RunTime:0.000033s ]
INFO: [ app_begin ] --END-- [ RunTime:0.000057s ]
SQL: SHOW COLUMNS FROM `wtf_card` [ RunTime:0.0010s ]
SQL: SELECT * FROM `wtf_card` WHERE ( openid='ocrzDjjMlzxCK3LVO7IorjisQcEg' )  [ RunTime:0.0007s ]

[ 2017-12-17T15:37:43+08:00 ] 100.97.89.72 /Home/index/index.html
INFO: [ app_init ] --START--
INFO: Run Behavior\BuildLiteBehavior [ RunTime:0.000010s ]
INFO: [ app_init ] --END-- [ RunTime:0.000069s ]
INFO: [ app_begin ] --START--
INFO: Run Behavior\ReadHtmlCacheBehavior [ RunTime:0.000029s ]
INFO: [ app_begin ] --END-- [ RunTime:0.000054s ]
SQL: SHOW COLUMNS FROM `wtf_store` [ RunTime:0.0010s ]
SQL: SELECT DISTINCT  `city` FROM `wtf_store` ORDER BY city DESC  [ RunTime:0.0008s ]

[ 2017-12-17T15:43:19+08:00 ] 100.97.89.83 /home/Index/getCode?openid=ocrzDjjMlzxCK3LVO7IorjisQcEg
INFO: [ app_init ] --START--
INFO: Run Behavior\BuildLiteBehavior [ RunTime:0.000011s ]
INFO: [ app_init ] --END-- [ RunTime:0.000073s ]
INFO: [ app_begin ] --START--
INFO: Run Behavior\ReadHtmlCacheBehavior [ RunTime:0.000028s ]
INFO: [ app_begin ] --END-- [ RunTime:0.000054s ]

[ 2017-12-17T15:43:19+08:00 ] 100.97.89.85 /Home/index/index.html
INFO: [ app_init ] --START--
INFO: Run Behavior\BuildLiteBehavior [ RunTime:0.000009s ]
INFO: [ app_init ] --END-- [ RunTime:0.000054s ]
INFO: [ app_begin ] --START--
INFO: Run Behavior\ReadHtmlCacheBehavior [ RunTime:0.000026s ]
INFO: [ app_begin ] --END-- [ RunTime:0.000051s ]
SQL: SHOW COLUMNS FROM `wtf_store` [ RunTime:0.0011s ]
SQL: SELECT DISTINCT  `city` FROM `wtf_store` ORDER BY city DESC  [ RunTime:0.0009s ]
INFO: [ view_parse ] --START--
INFO: [ template_filter ] --START--
INFO: Run Behavior\ContentReplaceBehavior [ RunTime:0.000085s ]
INFO: [ template_filter ] --END-- [ RunTime:0.000115s ]
NOTIC: [8] Undefined variable: signPackage /www/maryjane/wtf/Application/Runtime/Cache/Home/2a94b8bda04ff446dcedd42276fc99ee.php 第 181 行.
NOTIC: [8] Undefined variable: signPackage /www/maryjane/wtf/Application/Runtime/Cache/Home/2a94b8bda04ff446dcedd42276fc99ee.php 第 182 行.
NOTIC: [8] Undefined variable: signPackage /www/maryjane/wtf/Application/Runtime/Cache/Home/2a94b8bda04ff446dcedd42276fc99ee.php 第 183 行.
NOTIC: [8] Undefined variable: signPackage /www/maryjane/wtf/Application/Runtime/Cache/Home/2a94b8bda04ff446dcedd42276fc99ee.php 第 184 行.
INFO: Run Behavior\ParseTemplateBehavior [ RunTime:0.003555s ]
INFO: [ view_parse ] --END-- [ RunTime:0.003584s ]
INFO: [ view_filter ] --START--
INFO: Run Behavior\WriteHtmlCacheBehavior [ RunTime:0.000035s ]
INFO: [ view_filter ] --END-- [ RunTime:0.000053s ]
INFO: [ app_end ] --START--
INFO: Run Behavior\ShowPageTraceBehavior [ RunTime:0.000032s ]
INFO: [ app_end ] --END-- [ RunTime:0.000055s ]

