[ 2017-12-21T14:03:44+08:00 ] ::1 /h5/sanfu/php/
INFO: [ app_init ] --START--
INFO: Run Behavior\BuildLiteBehavior [ RunTime:0.000009s ]
INFO: [ app_init ] --END-- [ RunTime:0.000348s ]
INFO: [ app_begin ] --START--
INFO: Run Behavior\ReadHtmlCacheBehavior [ RunTime:0.000549s ]
INFO: [ app_begin ] --END-- [ RunTime:0.000585s ]
INFO: [ view_parse ] --START--
INFO: [ template_filter ] --START--
INFO: Run Behavior\ContentReplaceBehavior [ RunTime:0.000088s ]
INFO: [ template_filter ] --END-- [ RunTime:0.000121s ]
INFO: Run Behavior\ParseTemplateBehavior [ RunTime:0.036132s ]
INFO: [ view_parse ] --END-- [ RunTime:0.036180s ]
INFO: [ view_filter ] --START--
INFO: Run Behavior\WriteHtmlCacheBehavior [ RunTime:0.000230s ]
INFO: [ view_filter ] --END-- [ RunTime:0.000253s ]
INFO: [ app_end ] --START--
INFO: Run Behavior\ShowPageTraceBehavior [ RunTime:0.000342s ]
INFO: [ app_end ] --END-- [ RunTime:0.000369s ]

[ 2017-12-21T14:13:42+08:00 ] ::1 /h5/sanfu/php/
INFO: [ app_init ] --START--
INFO: Run Behavior\BuildLiteBehavior [ RunTime:0.000010s ]
INFO: [ app_init ] --END-- [ RunTime:0.000316s ]
INFO: [ app_begin ] --START--
INFO: Run Behavior\ReadHtmlCacheBehavior [ RunTime:0.000355s ]
INFO: [ app_begin ] --END-- [ RunTime:0.000390s ]
SQL: SHOW COLUMNS FROM `sanfu_christmaswish_info` [ RunTime:0.0046s ]
SQL: SELECT * FROM `sanfu_christmaswish_info` WHERE ( fromopenid='' )  [ RunTime:0.0041s ]
INFO: [ view_parse ] --START--
INFO: [ template_filter ] --START--
INFO: Run Behavior\ContentReplaceBehavior [ RunTime:0.000107s ]
INFO: [ template_filter ] --END-- [ RunTime:0.000153s ]
INFO: Run Behavior\ParseTemplateBehavior [ RunTime:0.028278s ]
INFO: [ view_parse ] --END-- [ RunTime:0.028313s ]
INFO: [ view_filter ] --START--
INFO: Run Behavior\WriteHtmlCacheBehavior [ RunTime:0.000198s ]
INFO: [ view_filter ] --END-- [ RunTime:0.000220s ]
INFO: [ app_end ] --START--
INFO: Run Behavior\ShowPageTraceBehavior [ RunTime:0.000354s ]
INFO: [ app_end ] --END-- [ RunTime:0.000379s ]

[ 2017-12-21T14:14:43+08:00 ] ::1 /h5/sanfu/php/
INFO: [ app_init ] --START--
INFO: Run Behavior\BuildLiteBehavior [ RunTime:0.000010s ]
INFO: [ app_init ] --END-- [ RunTime:0.000254s ]
INFO: [ app_begin ] --START--
INFO: Run Behavior\ReadHtmlCacheBehavior [ RunTime:0.000334s ]
INFO: [ app_begin ] --END-- [ RunTime:0.000370s ]
SQL: SHOW COLUMNS FROM `sanfu_christmaswish_info` [ RunTime:0.0043s ]
SQL: SELECT * FROM `sanfu_christmaswish_info` WHERE ( fromopenid='' )  [ RunTime:0.0041s ]
INFO: [ view_parse ] --START--
INFO: [ template_filter ] --START--
INFO: Run Behavior\ContentReplaceBehavior [ RunTime:0.000095s ]
INFO: [ template_filter ] --END-- [ RunTime:0.000133s ]
INFO: Run Behavior\ParseTemplateBehavior [ RunTime:0.021472s ]
INFO: [ view_parse ] --END-- [ RunTime:0.021512s ]
INFO: [ view_filter ] --START--
INFO: Run Behavior\WriteHtmlCacheBehavior [ RunTime:0.000199s ]
INFO: [ view_filter ] --END-- [ RunTime:0.000223s ]
INFO: [ app_end ] --START--
INFO: Run Behavior\ShowPageTraceBehavior [ RunTime:0.000342s ]
INFO: [ app_end ] --END-- [ RunTime:0.000373s ]

[ 2017-12-21T15:23:48+08:00 ] ::1 /h5/sanfu/php/
INFO: [ app_init ] --START--
INFO: Run Behavior\BuildLiteBehavior [ RunTime:0.000008s ]
INFO: [ app_init ] --END-- [ RunTime:0.000308s ]
INFO: [ app_begin ] --START--
INFO: Run Behavior\ReadHtmlCacheBehavior [ RunTime:0.000335s ]
INFO: [ app_begin ] --END-- [ RunTime:0.000366s ]

[ 2017-12-21T19:24:25+08:00 ] ::1 /h5/sanfu/php/
INFO: [ app_init ] --START--
INFO: Run Behavior\BuildLiteBehavior [ RunTime:0.000008s ]
INFO: [ app_init ] --END-- [ RunTime:0.000256s ]
INFO: [ app_begin ] --START--
INFO: Run Behavior\ReadHtmlCacheBehavior [ RunTime:0.000354s ]
INFO: [ app_begin ] --END-- [ RunTime:0.000383s ]
SQL: SHOW COLUMNS FROM `sanfu_christmaswish_info` [ RunTime:0.0038s ]
SQL: SELECT * FROM `sanfu_christmaswish_info` WHERE ( fromopenid='' )  [ RunTime:0.0034s ]
INFO: [ view_parse ] --START--
INFO: [ template_filter ] --START--
INFO: Run Behavior\ContentReplaceBehavior [ RunTime:0.000101s ]
INFO: [ template_filter ] --END-- [ RunTime:0.000133s ]
NOTIC: [8] Undefined variable: signPackage D:\phpStudy\WWW\H5\sanfu\php\Application\Runtime\Cache\Home\2a94b8bda04ff446dcedd42276fc99ee.php 第 207 行.
NOTIC: [8] Undefined variable: signPackage D:\phpStudy\WWW\H5\sanfu\php\Application\Runtime\Cache\Home\2a94b8bda04ff446dcedd42276fc99ee.php 第 208 行.
NOTIC: [8] Undefined variable: signPackage D:\phpStudy\WWW\H5\sanfu\php\Application\Runtime\Cache\Home\2a94b8bda04ff446dcedd42276fc99ee.php 第 209 行.
NOTIC: [8] Undefined variable: signPackage D:\phpStudy\WWW\H5\sanfu\php\Application\Runtime\Cache\Home\2a94b8bda04ff446dcedd42276fc99ee.php 第 210 行.
INFO: Run Behavior\ParseTemplateBehavior [ RunTime:0.036661s ]
INFO: [ view_parse ] --END-- [ RunTime:0.036692s ]
INFO: [ view_filter ] --START--
INFO: Run Behavior\WriteHtmlCacheBehavior [ RunTime:0.000195s ]
INFO: [ view_filter ] --END-- [ RunTime:0.000215s ]
INFO: [ app_end ] --START--
INFO: Run Behavior\ShowPageTraceBehavior [ RunTime:0.000519s ]
INFO: [ app_end ] --END-- [ RunTime:0.000548s ]

[ 2017-12-21T19:24:57+08:00 ] ::1 /h5/sanfu/php/
INFO: [ app_init ] --START--
INFO: Run Behavior\BuildLiteBehavior [ RunTime:0.000007s ]
INFO: [ app_init ] --END-- [ RunTime:0.000212s ]
INFO: [ app_begin ] --START--
INFO: Run Behavior\ReadHtmlCacheBehavior [ RunTime:0.000299s ]
INFO: [ app_begin ] --END-- [ RunTime:0.000327s ]
SQL: SHOW COLUMNS FROM `sanfu_christmaswish_info` [ RunTime:0.0037s ]
SQL: SELECT * FROM `sanfu_christmaswish_info` WHERE ( fromopenid='' )  [ RunTime:0.0039s ]
INFO: [ view_parse ] --START--
INFO: [ template_filter ] --START--
INFO: Run Behavior\ContentReplaceBehavior [ RunTime:0.000099s ]
INFO: [ template_filter ] --END-- [ RunTime:0.000130s ]
NOTIC: [8] Undefined variable: signPackage D:\phpStudy\WWW\H5\sanfu\php\Application\Runtime\Cache\Home\2a94b8bda04ff446dcedd42276fc99ee.php 第 207 行.
NOTIC: [8] Undefined variable: signPackage D:\phpStudy\WWW\H5\sanfu\php\Application\Runtime\Cache\Home\2a94b8bda04ff446dcedd42276fc99ee.php 第 208 行.
NOTIC: [8] Undefined variable: signPackage D:\phpStudy\WWW\H5\sanfu\php\Application\Runtime\Cache\Home\2a94b8bda04ff446dcedd42276fc99ee.php 第 209 行.
NOTIC: [8] Undefined variable: signPackage D:\phpStudy\WWW\H5\sanfu\php\Application\Runtime\Cache\Home\2a94b8bda04ff446dcedd42276fc99ee.php 第 210 行.
INFO: Run Behavior\ParseTemplateBehavior [ RunTime:0.031993s ]
INFO: [ view_parse ] --END-- [ RunTime:0.032024s ]
INFO: [ view_filter ] --START--
INFO: Run Behavior\WriteHtmlCacheBehavior [ RunTime:0.000149s ]
INFO: [ view_filter ] --END-- [ RunTime:0.000169s ]
INFO: [ app_end ] --START--
INFO: Run Behavior\ShowPageTraceBehavior [ RunTime:0.000335s ]
INFO: [ app_end ] --END-- [ RunTime:0.000359s ]

[ 2017-12-21T19:29:00+08:00 ] ::1 /h5/sanfu/php/
INFO: [ app_init ] --START--
INFO: Run Behavior\BuildLiteBehavior [ RunTime:0.000013s ]
INFO: [ app_init ] --END-- [ RunTime:0.000425s ]
INFO: [ app_begin ] --START--
INFO: Run Behavior\ReadHtmlCacheBehavior [ RunTime:0.000472s ]
INFO: [ app_begin ] --END-- [ RunTime:0.000518s ]

