[ 2017-11-15T13:40:47+08:00 ] ::1 /sky/sky/
INFO: [ app_init ] --START--
INFO: Run Behavior\BuildLiteBehavior [ RunTime:0.000009s ]
INFO: [ app_init ] --END-- [ RunTime:0.000446s ]
INFO: [ app_begin ] --START--
INFO: Run Behavior\ReadHtmlCacheBehavior [ RunTime:0.000298s ]
INFO: [ app_begin ] --END-- [ RunTime:0.000328s ]
INFO: [ app_end ] --START--
INFO: Run Behavior\ShowPageTraceBehavior [ RunTime:0.000483s ]
INFO: [ app_end ] --END-- [ RunTime:0.000574s ]

[ 2017-11-15T13:41:17+08:00 ] ::1 /sky/sky/index.php/Home/Index/test
INFO: [ app_init ] --START--
INFO: Run Behavior\BuildLiteBehavior [ RunTime:0.000009s ]
INFO: [ app_init ] --END-- [ RunTime:0.000223s ]
INFO: [ app_begin ] --START--
INFO: Run Behavior\ReadHtmlCacheBehavior [ RunTime:0.000288s ]
INFO: [ app_begin ] --END-- [ RunTime:0.000321s ]

[ 2017-11-15T13:43:04+08:00 ] ::1 /sky/sky/index.php/Home/Index/test
INFO: [ app_init ] --START--
INFO: Run Behavior\BuildLiteBehavior [ RunTime:0.000008s ]
INFO: [ app_init ] --END-- [ RunTime:0.000424s ]
INFO: [ app_begin ] --START--
INFO: Run Behavior\ReadHtmlCacheBehavior [ RunTime:0.000318s ]
INFO: [ app_begin ] --END-- [ RunTime:0.000350s ]
SQL: SHOW COLUMNS FROM `sanfu_sky_info` [ RunTime:0.0077s ]
SQL: SELECT * FROM `sanfu_sky_info` LIMIT 1   [ RunTime:0.0031s ]
SQL: INSERT INTO `sanfu_sky_info` () VALUES () [ RunTime:0.0043s ]

[ 2017-11-15T13:44:48+08:00 ] ::1 /sky/sky/index.php/Home/Index/test
INFO: [ app_init ] --START--
INFO: Run Behavior\BuildLiteBehavior [ RunTime:0.000008s ]
INFO: [ app_init ] --END-- [ RunTime:0.000219s ]
INFO: [ app_begin ] --START--
INFO: Run Behavior\ReadHtmlCacheBehavior [ RunTime:0.000265s ]
INFO: [ app_begin ] --END-- [ RunTime:0.000296s ]
SQL: SHOW COLUMNS FROM `sanfu_sky_info` [ RunTime:0.0042s ]
SQL: SELECT * FROM `sanfu_sky_info` LIMIT 1   [ RunTime:0.0038s ]

[ 2017-11-15T13:55:20+08:00 ] ::1 /sky/sky/index.php/Home/Index/test
INFO: [ app_init ] --START--
INFO: Run Behavior\BuildLiteBehavior [ RunTime:0.000009s ]
INFO: [ app_init ] --END-- [ RunTime:0.000306s ]
INFO: [ app_begin ] --START--
INFO: Run Behavior\ReadHtmlCacheBehavior [ RunTime:0.000401s ]
INFO: [ app_begin ] --END-- [ RunTime:0.000445s ]
ERR: 非法操作:test

[ 2017-11-15T13:55:45+08:00 ] ::1 /sky/sky/index.php/Home/Index/saveInfo
INFO: [ app_init ] --START--
INFO: Run Behavior\BuildLiteBehavior [ RunTime:0.000008s ]
INFO: [ app_init ] --END-- [ RunTime:0.000308s ]
INFO: [ app_begin ] --START--
INFO: Run Behavior\ReadHtmlCacheBehavior [ RunTime:0.000281s ]
INFO: [ app_begin ] --END-- [ RunTime:0.000405s ]

[ 2017-11-15T13:56:25+08:00 ] ::1 /sky/sky/index.php/Home/Index/test
INFO: [ app_init ] --START--
INFO: Run Behavior\BuildLiteBehavior [ RunTime:0.000008s ]
INFO: [ app_init ] --END-- [ RunTime:0.000198s ]
INFO: [ app_begin ] --START--
INFO: Run Behavior\ReadHtmlCacheBehavior [ RunTime:0.000267s ]
INFO: [ app_begin ] --END-- [ RunTime:0.000294s ]
ERR: 非法操作:test

[ 2017-11-15T13:57:20+08:00 ] ::1 /sky/sky/index.php/Home/Index/saveInfo
INFO: [ app_init ] --START--
INFO: Run Behavior\BuildLiteBehavior [ RunTime:0.000009s ]
INFO: [ app_init ] --END-- [ RunTime:0.000273s ]
INFO: [ app_begin ] --START--
INFO: Run Behavior\ReadHtmlCacheBehavior [ RunTime:0.000333s ]
INFO: [ app_begin ] --END-- [ RunTime:0.000368s ]
SQL: SHOW COLUMNS FROM `sanfu_sky_info` [ RunTime:0.0057s ]
SQL: SELECT * FROM `sanfu_sky_info` WHERE `phone` = 2147483647 LIMIT 1   [ RunTime:0.0036s ]
SQL: INSERT INTO `sanfu_sky_info` (`name`,`phone`,`date`,`timer`) VALUES ('41234','2147483647','11-14','1:00-2:00') [ RunTime:0.0050s ]

[ 2017-11-15T14:00:02+08:00 ] ::1 /sky/sky/index.php/Home/Index/saveInfo
INFO: [ app_init ] --START--
INFO: Run Behavior\BuildLiteBehavior [ RunTime:0.000009s ]
INFO: [ app_init ] --END-- [ RunTime:0.000248s ]
INFO: [ app_begin ] --START--
INFO: Run Behavior\ReadHtmlCacheBehavior [ RunTime:0.000302s ]
INFO: [ app_begin ] --END-- [ RunTime:0.000334s ]
SQL: SHOW COLUMNS FROM `sanfu_sky_info` [ RunTime:0.0085s ]
SQL: SELECT * FROM `sanfu_sky_info` WHERE `phone` = 2147483647 LIMIT 1   [ RunTime:0.0038s ]

[ 2017-11-15T14:00:41+08:00 ] ::1 /sky/sky/index.php/Home/Index/saveInfo
INFO: [ app_init ] --START--
INFO: Run Behavior\BuildLiteBehavior [ RunTime:0.000007s ]
INFO: [ app_init ] --END-- [ RunTime:0.000246s ]
INFO: [ app_begin ] --START--
INFO: Run Behavior\ReadHtmlCacheBehavior [ RunTime:0.000291s ]
INFO: [ app_begin ] --END-- [ RunTime:0.000321s ]
SQL: SHOW COLUMNS FROM `sanfu_sky_info` [ RunTime:0.0036s ]
SQL: SELECT * FROM `sanfu_sky_info` WHERE `phone` = 2147483647 LIMIT 1   [ RunTime:0.0037s ]

[ 2017-11-15T14:03:25+08:00 ] ::1 /sky/sky/index.php/Home/Index/saveInfo
INFO: [ app_init ] --START--
INFO: Run Behavior\BuildLiteBehavior [ RunTime:0.000010s ]
INFO: [ app_init ] --END-- [ RunTime:0.000283s ]
INFO: [ app_begin ] --START--
INFO: Run Behavior\ReadHtmlCacheBehavior [ RunTime:0.000366s ]
INFO: [ app_begin ] --END-- [ RunTime:0.000399s ]

[ 2017-11-15T14:04:46+08:00 ] ::1 /sky/sky/index.php/Home/Index/saveInfo
INFO: [ app_init ] --START--
INFO: Run Behavior\BuildLiteBehavior [ RunTime:0.000009s ]
INFO: [ app_init ] --END-- [ RunTime:0.000231s ]
INFO: [ app_begin ] --START--
INFO: Run Behavior\ReadHtmlCacheBehavior [ RunTime:0.000283s ]
INFO: [ app_begin ] --END-- [ RunTime:0.000316s ]
SQL: SHOW COLUMNS FROM `sanfu_sky_info` [ RunTime:0.0041s ]
SQL: SELECT * FROM `sanfu_sky_info` WHERE `phone` = 2147483647 LIMIT 1   [ RunTime:0.0036s ]

[ 2017-11-15T14:07:21+08:00 ] ::1 /sky/sky/index.php/Home/Index/saveInfo
INFO: [ app_init ] --START--
INFO: Run Behavior\BuildLiteBehavior [ RunTime:0.000008s ]
INFO: [ app_init ] --END-- [ RunTime:0.000260s ]
INFO: [ app_begin ] --START--
INFO: Run Behavior\ReadHtmlCacheBehavior [ RunTime:0.000310s ]
INFO: [ app_begin ] --END-- [ RunTime:0.000345s ]

[ 2017-11-15T14:09:24+08:00 ] ::1 /sky/sky/index.php/Home/Index/saveInfo
INFO: [ app_init ] --START--
INFO: Run Behavior\BuildLiteBehavior [ RunTime:0.000009s ]
INFO: [ app_init ] --END-- [ RunTime:0.000253s ]
INFO: [ app_begin ] --START--
INFO: Run Behavior\ReadHtmlCacheBehavior [ RunTime:0.000297s ]
INFO: [ app_begin ] --END-- [ RunTime:0.000330s ]

[ 2017-11-15T14:09:41+08:00 ] ::1 /sky/sky/index.php/Home/Index/saveInfo
INFO: [ app_init ] --START--
INFO: Run Behavior\BuildLiteBehavior [ RunTime:0.000008s ]
INFO: [ app_init ] --END-- [ RunTime:0.000223s ]
INFO: [ app_begin ] --START--
INFO: Run Behavior\ReadHtmlCacheBehavior [ RunTime:0.000275s ]
INFO: [ app_begin ] --END-- [ RunTime:0.000308s ]

[ 2017-11-15T14:10:26+08:00 ] ::1 /sky/sky/index.php/Home/Index/saveInfo
INFO: [ app_init ] --START--
INFO: Run Behavior\BuildLiteBehavior [ RunTime:0.000009s ]
INFO: [ app_init ] --END-- [ RunTime:0.000234s ]
INFO: [ app_begin ] --START--
INFO: Run Behavior\ReadHtmlCacheBehavior [ RunTime:0.000286s ]
INFO: [ app_begin ] --END-- [ RunTime:0.000319s ]
SQL: SHOW COLUMNS FROM `sanfu_sky_info` [ RunTime:0.0045s ]
SQL: SELECT * FROM `sanfu_sky_info` WHERE `phone` = 2147483647  [ RunTime:0.0058s ]

[ 2017-11-15T14:11:57+08:00 ] ::1 /sky/sky/index.php/Home/Index/saveInfo
INFO: [ app_init ] --START--
INFO: Run Behavior\BuildLiteBehavior [ RunTime:0.000011s ]
INFO: [ app_init ] --END-- [ RunTime:0.000304s ]
INFO: [ app_begin ] --START--
INFO: Run Behavior\ReadHtmlCacheBehavior [ RunTime:0.000432s ]
INFO: [ app_begin ] --END-- [ RunTime:0.000476s ]
SQL: SHOW COLUMNS FROM `sanfu_sky_info` [ RunTime:0.0038s ]
SQL: SELECT * FROM `sanfu_sky_info` WHERE `phone` = 2147483647  [ RunTime:0.0050s ]

[ 2017-11-15T14:16:14+08:00 ] ::1 /sky/sky/index.php/Home/Index/saveInfo
INFO: [ app_init ] --START--
INFO: Run Behavior\BuildLiteBehavior [ RunTime:0.000009s ]
INFO: [ app_init ] --END-- [ RunTime:0.000263s ]
INFO: [ app_begin ] --START--
INFO: Run Behavior\ReadHtmlCacheBehavior [ RunTime:0.000306s ]
INFO: [ app_begin ] --END-- [ RunTime:0.000339s ]
SQL: SHOW COLUMNS FROM `sanfu_sky_info` [ RunTime:0.0043s ]
SQL: SELECT * FROM `sanfu_sky_info` WHERE `phone` = 2147483647  [ RunTime:0.0068s ]
SQL: INSERT INTO `sanfu_sky_info` (`name`,`phone`,`date`,`timer`) VALUES ('123','2147483647','11-15','1:00-2:00') [ RunTime:0.0052s ]

[ 2017-11-15T14:17:27+08:00 ] ::1 /sky/sky/index.php/Home/Index/saveInfo
INFO: [ app_init ] --START--
INFO: Run Behavior\BuildLiteBehavior [ RunTime:0.000008s ]
INFO: [ app_init ] --END-- [ RunTime:0.000226s ]
INFO: [ app_begin ] --START--
INFO: Run Behavior\ReadHtmlCacheBehavior [ RunTime:0.000264s ]
INFO: [ app_begin ] --END-- [ RunTime:0.000293s ]
SQL: SHOW COLUMNS FROM `sanfu_sky_info` [ RunTime:0.0048s ]
SQL: SELECT * FROM `sanfu_sky_info` WHERE `phone` = 2147483647  [ RunTime:0.0039s ]
SQL: INSERT INTO `sanfu_sky_info` (`name`,`phone`,`date`,`timer`) VALUES ('331','2147483647','11-14','1:00-2:00') [ RunTime:0.0046s ]

[ 2017-11-15T14:20:22+08:00 ] ::1 /sky/sky/index.php/Home/Index/saveInfo
INFO: [ app_init ] --START--
INFO: Run Behavior\BuildLiteBehavior [ RunTime:0.000009s ]
INFO: [ app_init ] --END-- [ RunTime:0.000272s ]
INFO: [ app_begin ] --START--
INFO: Run Behavior\ReadHtmlCacheBehavior [ RunTime:0.000387s ]
INFO: [ app_begin ] --END-- [ RunTime:0.000423s ]
SQL: SHOW COLUMNS FROM `sanfu_sky_info` [ RunTime:0.0038s ]
SQL: SELECT * FROM `sanfu_sky_info` WHERE `phone` = 2147483647  [ RunTime:0.0049s ]
SQL: INSERT INTO `sanfu_sky_info` (`name`,`phone`,`date`,`timer`) VALUES ('123','2147483647','11-15','1:00-2:00') [ RunTime:0.0044s ]

[ 2017-11-15T14:23:33+08:00 ] ::1 /sky/sky/index.php/Home/Index/saveInfo
INFO: [ app_init ] --START--
INFO: Run Behavior\BuildLiteBehavior [ RunTime:0.000009s ]
INFO: [ app_init ] --END-- [ RunTime:0.000253s ]
INFO: [ app_begin ] --START--
INFO: Run Behavior\ReadHtmlCacheBehavior [ RunTime:0.000348s ]
INFO: [ app_begin ] --END-- [ RunTime:0.000390s ]
SQL: SHOW COLUMNS FROM `sanfu_sky_info` [ RunTime:0.0077s ]
SQL: SELECT * FROM `sanfu_sky_info` WHERE `phone` = 2147483647  [ RunTime:0.0045s ]
SQL: INSERT INTO `sanfu_sky_info` (`name`,`phone`,`date`,`timer`) VALUES ('23412','2147483647','11-14','1:00-2:00') [ RunTime:0.0054s ]

[ 2017-11-15T14:26:49+08:00 ] ::1 /sky/sky/index.php/Home/Index/saveInfo
INFO: [ app_init ] --START--
INFO: Run Behavior\BuildLiteBehavior [ RunTime:0.000009s ]
INFO: [ app_init ] --END-- [ RunTime:0.000271s ]
INFO: [ app_begin ] --START--
INFO: Run Behavior\ReadHtmlCacheBehavior [ RunTime:0.000308s ]
INFO: [ app_begin ] --END-- [ RunTime:0.000341s ]
SQL: SHOW COLUMNS FROM `sanfu_sky_info` [ RunTime:0.0044s ]
SQL: SELECT * FROM `sanfu_sky_info` WHERE `phone` = 2147483647  [ RunTime:0.0062s ]
SQL: INSERT INTO `sanfu_sky_info` (`name`,`phone`,`date`,`timer`) VALUES ('23412','2147483647','11-15','1:00-2:00') [ RunTime:0.0045s ]

[ 2017-11-15T14:28:09+08:00 ] ::1 /sky/sky/index.php/Home/Index/saveInfo
INFO: [ app_init ] --START--
INFO: Run Behavior\BuildLiteBehavior [ RunTime:0.000010s ]
INFO: [ app_init ] --END-- [ RunTime:0.000352s ]
INFO: [ app_begin ] --START--
INFO: Run Behavior\ReadHtmlCacheBehavior [ RunTime:0.000386s ]
INFO: [ app_begin ] --END-- [ RunTime:0.000436s ]
SQL: SHOW COLUMNS FROM `sanfu_sky_info` [ RunTime:0.0053s ]
SQL: SELECT * FROM `sanfu_sky_info` WHERE `phone` = 2147483647  [ RunTime:0.0035s ]
SQL: INSERT INTO `sanfu_sky_info` (`name`,`phone`,`date`,`timer`) VALUES ('13421','123456','11-15','1:00-2:00') [ RunTime:0.0042s ]

[ 2017-11-15T14:29:03+08:00 ] ::1 /sky/sky/index.php/Home/Index/saveInfo
INFO: [ app_init ] --START--
INFO: Run Behavior\BuildLiteBehavior [ RunTime:0.000009s ]
INFO: [ app_init ] --END-- [ RunTime:0.000267s ]
INFO: [ app_begin ] --START--
INFO: Run Behavior\ReadHtmlCacheBehavior [ RunTime:0.000300s ]
INFO: [ app_begin ] --END-- [ RunTime:0.000328s ]
SQL: SHOW COLUMNS FROM `sanfu_sky_info` [ RunTime:0.0043s ]
SQL: SELECT * FROM `sanfu_sky_info` WHERE `phone` = 2147483647  [ RunTime:0.0037s ]
SQL: INSERT INTO `sanfu_sky_info` (`name`,`phone`,`date`,`timer`) VALUES ('4123','2147483647','11-14','1:00-2:00') [ RunTime:0.0056s ]

[ 2017-11-15T14:29:53+08:00 ] ::1 /sky/sky/index.php/Home/Index/saveInfo
INFO: [ app_init ] --START--
INFO: Run Behavior\BuildLiteBehavior [ RunTime:0.000009s ]
INFO: [ app_init ] --END-- [ RunTime:0.000238s ]
INFO: [ app_begin ] --START--
INFO: Run Behavior\ReadHtmlCacheBehavior [ RunTime:0.000275s ]
INFO: [ app_begin ] --END-- [ RunTime:0.000308s ]
SQL: SHOW COLUMNS FROM `sanfu_sky_info` [ RunTime:0.0039s ]
SQL: SELECT * FROM `sanfu_sky_info` WHERE `phone` = 2147483647  [ RunTime:0.0035s ]
SQL: INSERT INTO `sanfu_sky_info` (`name`,`phone`,`date`,`timer`) VALUES ('4123','2147483647','11-15','1:00-2:00') [ RunTime:0.0040s ]

[ 2017-11-15T14:31:26+08:00 ] ::1 /sky/sky/index.php/Home/Index/saveInfo
INFO: [ app_init ] --START--
INFO: Run Behavior\BuildLiteBehavior [ RunTime:0.000008s ]
INFO: [ app_init ] --END-- [ RunTime:0.000244s ]
INFO: [ app_begin ] --START--
INFO: Run Behavior\ReadHtmlCacheBehavior [ RunTime:0.000317s ]
INFO: [ app_begin ] --END-- [ RunTime:0.000354s ]
SQL: SHOW COLUMNS FROM `sanfu_sky_info` [ RunTime:0.0044s ]
SQL: SELECT * FROM `sanfu_sky_info` WHERE `phone` = 2147483647  [ RunTime:0.0041s ]
SQL: INSERT INTO `sanfu_sky_info` (`name`,`phone`,`date`,`timer`) VALUES ('4123','2147483647','11-15','1:00-2:00') [ RunTime:0.0045s ]

[ 2017-11-15T14:32:17+08:00 ] ::1 /sky/sky/index.php/Home/Index/saveInfo
INFO: [ app_init ] --START--
INFO: Run Behavior\BuildLiteBehavior [ RunTime:0.000008s ]
INFO: [ app_init ] --END-- [ RunTime:0.000218s ]
INFO: [ app_begin ] --START--
INFO: Run Behavior\ReadHtmlCacheBehavior [ RunTime:0.000279s ]
INFO: [ app_begin ] --END-- [ RunTime:0.000313s ]
SQL: SHOW COLUMNS FROM `sanfu_sky_info` [ RunTime:0.0043s ]
SQL: SELECT * FROM `sanfu_sky_info` WHERE `phone` = '13774213412'  [ RunTime:0.0038s ]
SQL: INSERT INTO `sanfu_sky_info` (`name`,`phone`,`date`,`timer`) VALUES ('4123','13774213412','11-14','1:00-2:00') [ RunTime:0.0043s ]

[ 2017-11-15T14:33:15+08:00 ] ::1 /sky/sky/index.php/Home/Index/saveInfo
INFO: [ app_init ] --START--
INFO: Run Behavior\BuildLiteBehavior [ RunTime:0.000008s ]
INFO: [ app_init ] --END-- [ RunTime:0.000223s ]
INFO: [ app_begin ] --START--
INFO: Run Behavior\ReadHtmlCacheBehavior [ RunTime:0.000270s ]
INFO: [ app_begin ] --END-- [ RunTime:0.000301s ]
SQL: SHOW COLUMNS FROM `sanfu_sky_info` [ RunTime:0.0040s ]
SQL: SELECT * FROM `sanfu_sky_info` WHERE `phone` = 2147483647  [ RunTime:0.0037s ]
SQL: INSERT INTO `sanfu_sky_info` (`name`,`phone`,`date`,`timer`) VALUES ('55555','2147483647','11-15','1:00-2:00') [ RunTime:0.0040s ]

[ 2017-11-15T14:34:35+08:00 ] ::1 /sky/sky/index.php/Home/Index/saveInfo
INFO: [ app_init ] --START--
INFO: Run Behavior\BuildLiteBehavior [ RunTime:0.000008s ]
INFO: [ app_init ] --END-- [ RunTime:0.000249s ]
INFO: [ app_begin ] --START--
INFO: Run Behavior\ReadHtmlCacheBehavior [ RunTime:0.000311s ]
INFO: [ app_begin ] --END-- [ RunTime:0.000342s ]
SQL: SHOW COLUMNS FROM `sanfu_sky_info` [ RunTime:0.0038s ]
SQL: SELECT * FROM `sanfu_sky_info` WHERE `phone` = '13842342134'  [ RunTime:0.0034s ]
SQL: INSERT INTO `sanfu_sky_info` (`name`,`phone`,`date`,`timer`) VALUES ('55555','13842342134','11-14','1:00-2:00') [ RunTime:0.0042s ]

[ 2017-11-15T14:36:25+08:00 ] ::1 /sky/sky/index.php/Home/Index/saveInfo
INFO: [ app_init ] --START--
INFO: Run Behavior\BuildLiteBehavior [ RunTime:0.000010s ]
INFO: [ app_init ] --END-- [ RunTime:0.000309s ]
INFO: [ app_begin ] --START--
INFO: Run Behavior\ReadHtmlCacheBehavior [ RunTime:0.000434s ]
INFO: [ app_begin ] --END-- [ RunTime:0.000467s ]
SQL: SHOW COLUMNS FROM `sanfu_sky_info` [ RunTime:0.0037s ]
SQL: SELECT * FROM `sanfu_sky_info` WHERE `phone` = '13842342134'  [ RunTime:0.0032s ]

[ 2017-11-15T14:37:42+08:00 ] ::1 /sky/sky/index.php/Home/Index/saveInfo
INFO: [ app_init ] --START--
INFO: Run Behavior\BuildLiteBehavior [ RunTime:0.000008s ]
INFO: [ app_init ] --END-- [ RunTime:0.000223s ]
INFO: [ app_begin ] --START--
INFO: Run Behavior\ReadHtmlCacheBehavior [ RunTime:0.000263s ]
INFO: [ app_begin ] --END-- [ RunTime:0.000293s ]
SQL: SHOW COLUMNS FROM `sanfu_sky_info` [ RunTime:0.0047s ]
SQL: SELECT * FROM `sanfu_sky_info` WHERE `phone` = '13542131231'  [ RunTime:0.0035s ]
SQL: INSERT INTO `sanfu_sky_info` (`name`,`phone`,`date`,`timer`) VALUES ('41234','13542131231','11-14','1:00-2:00') [ RunTime:0.0042s ]

[ 2017-11-15T14:42:40+08:00 ] ::1 /sky/sky/index.php/Home/Index/saveInfo
INFO: [ app_init ] --START--
INFO: Run Behavior\BuildLiteBehavior [ RunTime:0.000009s ]
INFO: [ app_init ] --END-- [ RunTime:0.000251s ]
INFO: [ app_begin ] --START--
INFO: Run Behavior\ReadHtmlCacheBehavior [ RunTime:0.000309s ]
INFO: [ app_begin ] --END-- [ RunTime:0.000344s ]
SQL: SHOW COLUMNS FROM `sanfu_sky_info` [ RunTime:0.0041s ]
SQL: SELECT * FROM `sanfu_sky_info` WHERE `phone` = 2147483647  [ RunTime:0.0038s ]

[ 2017-11-15T14:44:22+08:00 ] ::1 /sky/sky/index.php/Home/Index/saveInfo
INFO: [ app_init ] --START--
INFO: Run Behavior\BuildLiteBehavior [ RunTime:0.000008s ]
INFO: [ app_init ] --END-- [ RunTime:0.000255s ]
INFO: [ app_begin ] --START--
INFO: Run Behavior\ReadHtmlCacheBehavior [ RunTime:0.000408s ]
INFO: [ app_begin ] --END-- [ RunTime:0.000448s ]
SQL: SHOW COLUMNS FROM `sanfu_sky_info` [ RunTime:0.0046s ]
SQL: SELECT * FROM `sanfu_sky_info` WHERE `phone` = 2147483647  [ RunTime:0.0040s ]

[ 2017-11-15T14:45:41+08:00 ] ::1 /sky/sky/index.php/Home/Index/saveInfo
INFO: [ app_init ] --START--
INFO: Run Behavior\BuildLiteBehavior [ RunTime:0.000008s ]
INFO: [ app_init ] --END-- [ RunTime:0.000206s ]
INFO: [ app_begin ] --START--
INFO: Run Behavior\ReadHtmlCacheBehavior [ RunTime:0.000283s ]
INFO: [ app_begin ] --END-- [ RunTime:0.000310s ]
SQL: SHOW COLUMNS FROM `sanfu_sky_info` [ RunTime:0.0040s ]
SQL: SELECT * FROM `sanfu_sky_info` WHERE `phone` = 2147483647  [ RunTime:0.0036s ]

[ 2017-11-15T14:46:38+08:00 ] ::1 /sky/sky/index.php/Home/Index/saveInfo
INFO: [ app_init ] --START--
INFO: Run Behavior\BuildLiteBehavior [ RunTime:0.000008s ]
INFO: [ app_init ] --END-- [ RunTime:0.000251s ]
INFO: [ app_begin ] --START--
INFO: Run Behavior\ReadHtmlCacheBehavior [ RunTime:0.000313s ]
INFO: [ app_begin ] --END-- [ RunTime:0.000347s ]
SQL: SHOW COLUMNS FROM `sanfu_sky_info` [ RunTime:0.0039s ]
SQL: SELECT * FROM `sanfu_sky_info` WHERE `phone` = 2147483647  [ RunTime:0.0035s ]

[ 2017-11-15T14:47:18+08:00 ] ::1 /sky/sky/index.php/Home/Index/saveInfo
INFO: [ app_init ] --START--
INFO: Run Behavior\BuildLiteBehavior [ RunTime:0.000008s ]
INFO: [ app_init ] --END-- [ RunTime:0.000217s ]
INFO: [ app_begin ] --START--
INFO: Run Behavior\ReadHtmlCacheBehavior [ RunTime:0.000261s ]
INFO: [ app_begin ] --END-- [ RunTime:0.000291s ]
SQL: SHOW COLUMNS FROM `sanfu_sky_info` [ RunTime:0.0041s ]
SQL: SELECT * FROM `sanfu_sky_info` WHERE `phone` = 2147483647  [ RunTime:0.0038s ]

[ 2017-11-15T14:48:09+08:00 ] ::1 /sky/sky/index.php/Home/Index/saveInfo
INFO: [ app_init ] --START--
INFO: Run Behavior\BuildLiteBehavior [ RunTime:0.000008s ]
INFO: [ app_init ] --END-- [ RunTime:0.000214s ]
INFO: [ app_begin ] --START--
INFO: Run Behavior\ReadHtmlCacheBehavior [ RunTime:0.000262s ]
INFO: [ app_begin ] --END-- [ RunTime:0.000294s ]
SQL: SHOW COLUMNS FROM `sanfu_sky_info` [ RunTime:0.0046s ]
SQL: SELECT * FROM `sanfu_sky_info` WHERE `phone` = '13512351234'  [ RunTime:0.0041s ]
SQL: INSERT INTO `sanfu_sky_info` (`name`,`phone`,`date`,`timer`) VALUES ('4123','13512351234','11-15','1:00-2:00') [ RunTime:0.0046s ]

[ 2017-11-15T15:40:59+08:00 ] ::1 /sky/sky/index.php/Home/Index/saveInfo
INFO: [ app_init ] --START--
INFO: Run Behavior\BuildLiteBehavior [ RunTime:0.000009s ]
INFO: [ app_init ] --END-- [ RunTime:0.000286s ]
INFO: [ app_begin ] --START--
INFO: Run Behavior\ReadHtmlCacheBehavior [ RunTime:0.000309s ]
INFO: [ app_begin ] --END-- [ RunTime:0.000346s ]

[ 2017-11-15T15:42:04+08:00 ] ::1 /sky/sky/index.php/Home/Index/saveInfo
INFO: [ app_init ] --START--
INFO: Run Behavior\BuildLiteBehavior [ RunTime:0.000010s ]
INFO: [ app_init ] --END-- [ RunTime:0.000498s ]
INFO: [ app_begin ] --START--
INFO: Run Behavior\ReadHtmlCacheBehavior [ RunTime:0.000455s ]
INFO: [ app_begin ] --END-- [ RunTime:0.000495s ]

[ 2017-11-15T15:43:32+08:00 ] ::1 /sky/sky/index.php/Home/Index/saveInfo
INFO: [ app_init ] --START--
INFO: Run Behavior\BuildLiteBehavior [ RunTime:0.000009s ]
INFO: [ app_init ] --END-- [ RunTime:0.000258s ]
INFO: [ app_begin ] --START--
INFO: Run Behavior\ReadHtmlCacheBehavior [ RunTime:0.000341s ]
INFO: [ app_begin ] --END-- [ RunTime:0.000379s ]
SQL: SHOW COLUMNS FROM `sanfu_sky_info` [ RunTime:0.0050s ]
SQL: SELECT * FROM `sanfu_sky_info` WHERE `phone` = '13512312421'  [ RunTime:0.0065s ]
SQL: INSERT INTO `sanfu_sky_info` (`name`,`phone`,`date`,`system_date`) VALUES ('41234','13512312421','2017.11.28','2017-11-15') [ RunTime:0.0052s ]

[ 2017-11-15T15:44:18+08:00 ] ::1 /sky/sky/index.php/Home/Index/saveInfo
INFO: [ app_init ] --START--
INFO: Run Behavior\BuildLiteBehavior [ RunTime:0.000008s ]
INFO: [ app_init ] --END-- [ RunTime:0.000222s ]
INFO: [ app_begin ] --START--
INFO: Run Behavior\ReadHtmlCacheBehavior [ RunTime:0.000269s ]
INFO: [ app_begin ] --END-- [ RunTime:0.000297s ]
SQL: SHOW COLUMNS FROM `sanfu_sky_info` [ RunTime:0.0043s ]
SQL: SELECT * FROM `sanfu_sky_info` WHERE `phone` = '13412345124'  [ RunTime:0.0039s ]
SQL: INSERT INTO `sanfu_sky_info` (`name`,`phone`,`date`,`system_date`) VALUES ('41234','13412345124','2017.11.27','2017-11-15') [ RunTime:0.0045s ]

[ 2017-11-15T15:45:40+08:00 ] ::1 /sky/sky/index.php/Home/Index/saveInfo
INFO: [ app_init ] --START--
INFO: Run Behavior\BuildLiteBehavior [ RunTime:0.000008s ]
INFO: [ app_init ] --END-- [ RunTime:0.000242s ]
INFO: [ app_begin ] --START--
INFO: Run Behavior\ReadHtmlCacheBehavior [ RunTime:0.000289s ]
INFO: [ app_begin ] --END-- [ RunTime:0.000336s ]
SQL: SHOW COLUMNS FROM `sanfu_sky_info` [ RunTime:0.0037s ]
SQL: SELECT * FROM `sanfu_sky_info` WHERE `phone` = '13412345124' AND `date` = '2017.11.27'  [ RunTime:0.0040s ]

[ 2017-11-15T15:54:08+08:00 ] ::1 /sky/sky/index.php/Home/Index/saveInfo
INFO: [ app_init ] --START--
INFO: Run Behavior\BuildLiteBehavior [ RunTime:0.000009s ]
INFO: [ app_init ] --END-- [ RunTime:0.000256s ]
INFO: [ app_begin ] --START--
INFO: Run Behavior\ReadHtmlCacheBehavior [ RunTime:0.000275s ]
INFO: [ app_begin ] --END-- [ RunTime:0.000302s ]
SQL: SHOW COLUMNS FROM `sanfu_sky_info` [ RunTime:0.0038s ]
SQL: SELECT * FROM `sanfu_sky_info` WHERE `phone` = '13412351234' AND `date` = '2017.11.26'  [ RunTime:0.0033s ]
SQL: SELECT COUNT(*) AS tp_count FROM `sanfu_sky_info` WHERE `system_date` = '2017-11-15' LIMIT 1   [ RunTime:0.0037s ]
SQL: INSERT INTO `sanfu_sky_info` (`name`,`phone`,`date`,`system_date`) VALUES ('12312','13412351234','2017.11.26','2017-11-15') [ RunTime:0.0042s ]

[ 2017-11-15T15:54:57+08:00 ] ::1 /sky/sky/index.php/Home/Index/saveInfo
INFO: [ app_init ] --START--
INFO: Run Behavior\BuildLiteBehavior [ RunTime:0.000014s ]
INFO: [ app_init ] --END-- [ RunTime:0.000281s ]
INFO: [ app_begin ] --START--
INFO: Run Behavior\ReadHtmlCacheBehavior [ RunTime:0.000302s ]
INFO: [ app_begin ] --END-- [ RunTime:0.000337s ]
SQL: SHOW COLUMNS FROM `sanfu_sky_info` [ RunTime:0.0037s ]
SQL: SELECT * FROM `sanfu_sky_info` WHERE `phone` = '15942135521' AND `date` = '2017.11.28'  [ RunTime:0.0032s ]
SQL: SELECT COUNT(*) AS tp_count FROM `sanfu_sky_info` WHERE `system_date` = '2017-11-15' LIMIT 1   [ RunTime:0.0029s ]

[ 2017-11-15T16:00:26+08:00 ] ::1 /sky/sky/index.php/Home/Index/saveInfo
INFO: [ app_init ] --START--
INFO: Run Behavior\BuildLiteBehavior [ RunTime:0.000009s ]
INFO: [ app_init ] --END-- [ RunTime:0.000251s ]
INFO: [ app_begin ] --START--
INFO: Run Behavior\ReadHtmlCacheBehavior [ RunTime:0.000293s ]
INFO: [ app_begin ] --END-- [ RunTime:0.000322s ]
SQL: SHOW COLUMNS FROM `sanfu_sky_info` [ RunTime:0.0040s ]
SQL: SELECT * FROM `sanfu_sky_info` WHERE `phone` = '13412345124' AND `date` = '2017.11.10'  [ RunTime:0.0035s ]
SQL: SELECT COUNT(*) AS tp_count FROM `sanfu_sky_info` WHERE `system_date` = '2017-11-15' LIMIT 1   [ RunTime:0.0036s ]

[ 2017-11-15T16:01:13+08:00 ] ::1 /sky/sky/index.php/Home/Index/saveInfo
INFO: [ app_init ] --START--
INFO: Run Behavior\BuildLiteBehavior [ RunTime:0.000008s ]
INFO: [ app_init ] --END-- [ RunTime:0.000216s ]
INFO: [ app_begin ] --START--
INFO: Run Behavior\ReadHtmlCacheBehavior [ RunTime:0.000264s ]
INFO: [ app_begin ] --END-- [ RunTime:0.000292s ]
SQL: SHOW COLUMNS FROM `sanfu_sky_info` [ RunTime:0.0037s ]
SQL: SELECT * FROM `sanfu_sky_info` WHERE `phone` = '13512452112' AND `date` = '2017.11.29'  [ RunTime:0.0043s ]
SQL: SELECT COUNT(*) AS tp_count FROM `sanfu_sky_info` WHERE `system_date` = '2017-11-15' LIMIT 1   [ RunTime:0.0032s ]

[ 2017-11-15T16:09:43+08:00 ] ::1 /sky/sky/index.php/Home/Index/saveInfo
INFO: [ app_init ] --START--
INFO: Run Behavior\BuildLiteBehavior [ RunTime:0.000009s ]
INFO: [ app_init ] --END-- [ RunTime:0.000316s ]
INFO: [ app_begin ] --START--
INFO: Run Behavior\ReadHtmlCacheBehavior [ RunTime:0.000418s ]
INFO: [ app_begin ] --END-- [ RunTime:0.000457s ]

[ 2017-11-15T16:09:51+08:00 ] ::1 /sky/sky/index.php/Home/Index/saveInfo
INFO: [ app_init ] --START--
INFO: Run Behavior\BuildLiteBehavior [ RunTime:0.000008s ]
INFO: [ app_init ] --END-- [ RunTime:0.000229s ]
INFO: [ app_begin ] --START--
INFO: Run Behavior\ReadHtmlCacheBehavior [ RunTime:0.000290s ]
INFO: [ app_begin ] --END-- [ RunTime:0.000324s ]

[ 2017-11-15T16:10:36+08:00 ] ::1 /sky/sky/index.php/Home/Index/saveInfo
INFO: [ app_init ] --START--
INFO: Run Behavior\BuildLiteBehavior [ RunTime:0.000008s ]
INFO: [ app_init ] --END-- [ RunTime:0.000220s ]
INFO: [ app_begin ] --START--
INFO: Run Behavior\ReadHtmlCacheBehavior [ RunTime:0.000264s ]
INFO: [ app_begin ] --END-- [ RunTime:0.000292s ]
SQL: SHOW COLUMNS FROM `sanfu_sky_info` [ RunTime:0.0036s ]
SQL: SELECT * FROM `sanfu_sky_info` WHERE `phone` = '13512341243' AND `date` = '2017.11.26'  [ RunTime:0.0033s ]
SQL: SELECT COUNT(*) AS tp_count FROM `sanfu_sky_info` WHERE `system_date` = '2017-11-15' LIMIT 1   [ RunTime:0.0030s ]
SQL: INSERT INTO `sanfu_sky_info` (`name`,`phone`,`date`,`system_date`) VALUES ('123412','13512341243','2017.11.26','2017-11-15') [ RunTime:0.0037s ]

[ 2017-11-15T16:11:55+08:00 ] ::1 /sky/sky/index.php/Home/Index/saveInfo
INFO: [ app_init ] --START--
INFO: Run Behavior\BuildLiteBehavior [ RunTime:0.000009s ]
INFO: [ app_init ] --END-- [ RunTime:0.000249s ]
INFO: [ app_begin ] --START--
INFO: Run Behavior\ReadHtmlCacheBehavior [ RunTime:0.000287s ]
INFO: [ app_begin ] --END-- [ RunTime:0.000316s ]
SQL: SHOW COLUMNS FROM `sanfu_sky_info` [ RunTime:0.0043s ]
SQL: SELECT * FROM `sanfu_sky_info` WHERE `phone` = '13512345124' AND `date` = '2017.11.1'  [ RunTime:0.0037s ]
SQL: SELECT COUNT(*) AS tp_count FROM `sanfu_sky_info` WHERE `system_date` = '2017-11-15' LIMIT 1   [ RunTime:0.0034s ]

[ 2017-11-15T16:13:34+08:00 ] ::1 /sky/sky/index.php/Home/Index/saveInfo
INFO: [ app_init ] --START--
INFO: Run Behavior\BuildLiteBehavior [ RunTime:0.000009s ]
INFO: [ app_init ] --END-- [ RunTime:0.000232s ]
INFO: [ app_begin ] --START--
INFO: Run Behavior\ReadHtmlCacheBehavior [ RunTime:0.000276s ]
INFO: [ app_begin ] --END-- [ RunTime:0.000304s ]
SQL: SHOW COLUMNS FROM `sanfu_sky_info` [ RunTime:0.0041s ]
SQL: SELECT * FROM `sanfu_sky_info` WHERE `phone` = '13513415214' AND `date` = '2017.11.26'  [ RunTime:0.0039s ]
SQL: SELECT COUNT(*) AS tp_count FROM `sanfu_sky_info` WHERE `system_date` = '2017-11-15' LIMIT 1   [ RunTime:0.0033s ]
SQL: INSERT INTO `sanfu_sky_info` (`name`,`phone`,`date`,`system_date`) VALUES ('213123','13513415214','2017.11.26','2017-11-15') [ RunTime:0.0045s ]

[ 2017-11-15T16:15:02+08:00 ] ::1 /sky/sky/index.php/Home/Index/saveInfo
INFO: [ app_init ] --START--
INFO: Run Behavior\BuildLiteBehavior [ RunTime:0.000009s ]
INFO: [ app_init ] --END-- [ RunTime:0.000316s ]
INFO: [ app_begin ] --START--
INFO: Run Behavior\ReadHtmlCacheBehavior [ RunTime:0.000414s ]
INFO: [ app_begin ] --END-- [ RunTime:0.000448s ]
SQL: SHOW COLUMNS FROM `sanfu_sky_info` [ RunTime:0.0043s ]
SQL: SELECT * FROM `sanfu_sky_info` WHERE `phone` = '13513415214' AND `date` = '2017.11.26'  [ RunTime:0.0038s ]
SQL: SELECT COUNT(*) AS tp_count FROM `sanfu_sky_info` WHERE `system_date` = '2017-11-15' LIMIT 1   [ RunTime:0.0033s ]

[ 2017-11-15T16:16:41+08:00 ] ::1 /sky/sky/index.php/Home/Index/saveInfo
INFO: [ app_init ] --START--
INFO: Run Behavior\BuildLiteBehavior [ RunTime:0.000010s ]
INFO: [ app_init ] --END-- [ RunTime:0.000269s ]
INFO: [ app_begin ] --START--
INFO: Run Behavior\ReadHtmlCacheBehavior [ RunTime:0.000297s ]
INFO: [ app_begin ] --END-- [ RunTime:0.000331s ]
SQL: SHOW COLUMNS FROM `sanfu_sky_info` [ RunTime:0.0039s ]
SQL: SELECT * FROM `sanfu_sky_info` WHERE `phone` = '13513415214' AND `date` = '2017.11.26'  [ RunTime:0.0036s ]
SQL: SELECT COUNT(*) AS tp_count FROM `sanfu_sky_info` WHERE `system_date` = '2017-11-15' LIMIT 1   [ RunTime:0.0035s ]

[ 2017-11-15T16:16:46+08:00 ] ::1 /sky/sky/index.php/Home/Index/saveInfo
INFO: [ app_init ] --START--
INFO: Run Behavior\BuildLiteBehavior [ RunTime:0.000008s ]
INFO: [ app_init ] --END-- [ RunTime:0.000227s ]
INFO: [ app_begin ] --START--
INFO: Run Behavior\ReadHtmlCacheBehavior [ RunTime:0.000265s ]
INFO: [ app_begin ] --END-- [ RunTime:0.000294s ]
SQL: SHOW COLUMNS FROM `sanfu_sky_info` [ RunTime:0.0038s ]
SQL: SELECT * FROM `sanfu_sky_info` WHERE `phone` = '13513415215' AND `date` = '2017.11.26'  [ RunTime:0.0034s ]
SQL: SELECT COUNT(*) AS tp_count FROM `sanfu_sky_info` WHERE `system_date` = '2017-11-15' LIMIT 1   [ RunTime:0.0031s ]
SQL: INSERT INTO `sanfu_sky_info` (`name`,`phone`,`date`,`system_date`) VALUES ('141234','13513415215','2017.11.26','2017-11-15') [ RunTime:0.0038s ]

[ 2017-11-15T16:21:24+08:00 ] ::1 /sky/sky/index.php
INFO: [ app_init ] --START--
INFO: Run Behavior\BuildLiteBehavior [ RunTime:0.000008s ]
INFO: [ app_init ] --END-- [ RunTime:0.000245s ]
INFO: [ app_begin ] --START--
INFO: Run Behavior\ReadHtmlCacheBehavior [ RunTime:0.000325s ]
INFO: [ app_begin ] --END-- [ RunTime:0.000354s ]
INFO: [ view_parse ] --START--
INFO: [ template_filter ] --START--
INFO: Run Behavior\ContentReplaceBehavior [ RunTime:0.000605s ]
INFO: [ template_filter ] --END-- [ RunTime:0.000647s ]
INFO: Run Behavior\ParseTemplateBehavior [ RunTime:0.021095s ]
INFO: [ view_parse ] --END-- [ RunTime:0.021132s ]
INFO: [ view_filter ] --START--
INFO: Run Behavior\WriteHtmlCacheBehavior [ RunTime:0.000166s ]
INFO: [ view_filter ] --END-- [ RunTime:0.000186s ]
INFO: [ app_end ] --START--
INFO: Run Behavior\ShowPageTraceBehavior [ RunTime:0.000286s ]
INFO: [ app_end ] --END-- [ RunTime:0.000308s ]

[ 2017-11-15T16:23:04+08:00 ] ::1 /sky/sky/index.php
INFO: [ app_init ] --START--
INFO: Run Behavior\BuildLiteBehavior [ RunTime:0.000009s ]
INFO: [ app_init ] --END-- [ RunTime:0.000284s ]
INFO: [ app_begin ] --START--
INFO: Run Behavior\ReadHtmlCacheBehavior [ RunTime:0.000304s ]
INFO: [ app_begin ] --END-- [ RunTime:0.000337s ]
INFO: [ view_parse ] --START--
INFO: [ template_filter ] --START--
INFO: Run Behavior\ContentReplaceBehavior [ RunTime:0.000144s ]
INFO: [ template_filter ] --END-- [ RunTime:0.000227s ]
INFO: Run Behavior\ParseTemplateBehavior [ RunTime:0.024569s ]
INFO: [ view_parse ] --END-- [ RunTime:0.024609s ]
INFO: [ view_filter ] --START--
INFO: Run Behavior\WriteHtmlCacheBehavior [ RunTime:0.000189s ]
INFO: [ view_filter ] --END-- [ RunTime:0.000212s ]
INFO: [ app_end ] --START--
INFO: Run Behavior\ShowPageTraceBehavior [ RunTime:0.000851s ]
INFO: [ app_end ] --END-- [ RunTime:0.001159s ]

[ 2017-11-15T16:23:07+08:00 ] ::1 /sky/sky/index.php
INFO: [ app_init ] --START--
INFO: Run Behavior\BuildLiteBehavior [ RunTime:0.000008s ]
INFO: [ app_init ] --END-- [ RunTime:0.000242s ]
INFO: [ app_begin ] --START--
INFO: Run Behavior\ReadHtmlCacheBehavior [ RunTime:0.000277s ]
INFO: [ app_begin ] --END-- [ RunTime:0.000308s ]
INFO: [ view_parse ] --START--
INFO: [ template_filter ] --START--
INFO: Run Behavior\ContentReplaceBehavior [ RunTime:0.000068s ]
INFO: [ template_filter ] --END-- [ RunTime:0.000104s ]
INFO: Run Behavior\ParseTemplateBehavior [ RunTime:0.010586s ]
INFO: [ view_parse ] --END-- [ RunTime:0.010625s ]
INFO: [ view_filter ] --START--
INFO: Run Behavior\WriteHtmlCacheBehavior [ RunTime:0.000169s ]
INFO: [ view_filter ] --END-- [ RunTime:0.000191s ]
INFO: [ app_end ] --START--
INFO: Run Behavior\ShowPageTraceBehavior [ RunTime:0.000293s ]
INFO: [ app_end ] --END-- [ RunTime:0.000315s ]

[ 2017-11-15T16:23:34+08:00 ] ::1 /sky/sky/index.php
INFO: [ app_init ] --START--
INFO: Run Behavior\BuildLiteBehavior [ RunTime:0.000010s ]
INFO: [ app_init ] --END-- [ RunTime:0.000269s ]
INFO: [ app_begin ] --START--
INFO: Run Behavior\ReadHtmlCacheBehavior [ RunTime:0.000367s ]
INFO: [ app_begin ] --END-- [ RunTime:0.000403s ]
INFO: [ view_parse ] --START--
INFO: [ template_filter ] --START--
INFO: Run Behavior\ContentReplaceBehavior [ RunTime:0.000082s ]
INFO: [ template_filter ] --END-- [ RunTime:0.000127s ]
INFO: Run Behavior\ParseTemplateBehavior [ RunTime:0.017753s ]
INFO: [ view_parse ] --END-- [ RunTime:0.017793s ]
INFO: [ view_filter ] --START--
INFO: Run Behavior\WriteHtmlCacheBehavior [ RunTime:0.000190s ]
INFO: [ view_filter ] --END-- [ RunTime:0.000214s ]
INFO: [ app_end ] --START--
INFO: Run Behavior\ShowPageTraceBehavior [ RunTime:0.000321s ]
INFO: [ app_end ] --END-- [ RunTime:0.000347s ]

[ 2017-11-15T16:24:47+08:00 ] ::1 /sky/sky/index.php
INFO: [ app_init ] --START--
INFO: Run Behavior\BuildLiteBehavior [ RunTime:0.000009s ]
INFO: [ app_init ] --END-- [ RunTime:0.000281s ]
INFO: [ app_begin ] --START--
INFO: Run Behavior\ReadHtmlCacheBehavior [ RunTime:0.000322s ]
INFO: [ app_begin ] --END-- [ RunTime:0.000360s ]
INFO: [ view_parse ] --START--
INFO: [ template_filter ] --START--
INFO: Run Behavior\ContentReplaceBehavior [ RunTime:0.000077s ]
INFO: [ template_filter ] --END-- [ RunTime:0.000123s ]
INFO: Run Behavior\ParseTemplateBehavior [ RunTime:0.018056s ]
INFO: [ view_parse ] --END-- [ RunTime:0.018097s ]
INFO: [ view_filter ] --START--
INFO: Run Behavior\WriteHtmlCacheBehavior [ RunTime:0.000195s ]
INFO: [ view_filter ] --END-- [ RunTime:0.000219s ]
INFO: [ app_end ] --START--
INFO: Run Behavior\ShowPageTraceBehavior [ RunTime:0.000320s ]
INFO: [ app_end ] --END-- [ RunTime:0.000345s ]

[ 2017-11-15T16:24:58+08:00 ] ::1 /sky/sky/index.php
INFO: [ app_init ] --START--
INFO: Run Behavior\BuildLiteBehavior [ RunTime:0.000008s ]
INFO: [ app_init ] --END-- [ RunTime:0.000239s ]
INFO: [ app_begin ] --START--
INFO: Run Behavior\ReadHtmlCacheBehavior [ RunTime:0.000266s ]
INFO: [ app_begin ] --END-- [ RunTime:0.000298s ]
INFO: [ view_parse ] --START--
INFO: [ template_filter ] --START--
INFO: Run Behavior\ContentReplaceBehavior [ RunTime:0.000065s ]
INFO: [ template_filter ] --END-- [ RunTime:0.000100s ]
INFO: Run Behavior\ParseTemplateBehavior [ RunTime:0.004738s ]
INFO: [ view_parse ] --END-- [ RunTime:0.004774s ]
INFO: [ view_filter ] --START--
INFO: Run Behavior\WriteHtmlCacheBehavior [ RunTime:0.000147s ]
INFO: [ view_filter ] --END-- [ RunTime:0.000169s ]
INFO: [ app_end ] --START--
INFO: Run Behavior\ShowPageTraceBehavior [ RunTime:0.000280s ]
INFO: [ app_end ] --END-- [ RunTime:0.000304s ]

[ 2017-11-15T16:28:51+08:00 ] ::1 /sky/sky/index.php
INFO: [ app_init ] --START--
INFO: Run Behavior\BuildLiteBehavior [ RunTime:0.000009s ]
INFO: [ app_init ] --END-- [ RunTime:0.000266s ]
INFO: [ app_begin ] --START--
INFO: Run Behavior\ReadHtmlCacheBehavior [ RunTime:0.000332s ]
INFO: [ app_begin ] --END-- [ RunTime:0.000366s ]
INFO: [ view_parse ] --START--
INFO: [ template_filter ] --START--
INFO: Run Behavior\ContentReplaceBehavior [ RunTime:0.000060s ]
INFO: [ template_filter ] --END-- [ RunTime:0.000091s ]
INFO: Run Behavior\ParseTemplateBehavior [ RunTime:0.012135s ]
INFO: [ view_parse ] --END-- [ RunTime:0.012192s ]
INFO: [ view_filter ] --START--
INFO: Run Behavior\WriteHtmlCacheBehavior [ RunTime:0.000221s ]
INFO: [ view_filter ] --END-- [ RunTime:0.000244s ]
INFO: [ app_end ] --START--
INFO: Run Behavior\ShowPageTraceBehavior [ RunTime:0.000337s ]
INFO: [ app_end ] --END-- [ RunTime:0.000359s ]

[ 2017-11-15T16:29:28+08:00 ] ::1 /sky/sky/index.php
INFO: [ app_init ] --START--
INFO: Run Behavior\BuildLiteBehavior [ RunTime:0.000008s ]
INFO: [ app_init ] --END-- [ RunTime:0.000250s ]
INFO: [ app_begin ] --START--
INFO: Run Behavior\ReadHtmlCacheBehavior [ RunTime:0.000297s ]
INFO: [ app_begin ] --END-- [ RunTime:0.000332s ]
INFO: [ view_parse ] --START--
INFO: [ template_filter ] --START--
INFO: Run Behavior\ContentReplaceBehavior [ RunTime:0.000073s ]
INFO: [ template_filter ] --END-- [ RunTime:0.000116s ]
INFO: Run Behavior\ParseTemplateBehavior [ RunTime:0.005233s ]
INFO: [ view_parse ] --END-- [ RunTime:0.005274s ]
INFO: [ view_filter ] --START--
INFO: Run Behavior\WriteHtmlCacheBehavior [ RunTime:0.000190s ]
INFO: [ view_filter ] --END-- [ RunTime:0.000215s ]
INFO: [ app_end ] --START--
INFO: Run Behavior\ShowPageTraceBehavior [ RunTime:0.000363s ]
INFO: [ app_end ] --END-- [ RunTime:0.000390s ]

[ 2017-11-15T16:31:28+08:00 ] ::1 /sky/sky/index.php
INFO: [ app_init ] --START--
INFO: Run Behavior\BuildLiteBehavior [ RunTime:0.000008s ]
INFO: [ app_init ] --END-- [ RunTime:0.000268s ]
INFO: [ app_begin ] --START--
INFO: Run Behavior\ReadHtmlCacheBehavior [ RunTime:0.000337s ]
INFO: [ app_begin ] --END-- [ RunTime:0.000398s ]
INFO: [ view_parse ] --START--
INFO: [ template_filter ] --START--
INFO: Run Behavior\ContentReplaceBehavior [ RunTime:0.000053s ]
INFO: [ template_filter ] --END-- [ RunTime:0.000088s ]
INFO: Run Behavior\ParseTemplateBehavior [ RunTime:0.011066s ]
INFO: [ view_parse ] --END-- [ RunTime:0.011096s ]
INFO: [ view_filter ] --START--
INFO: Run Behavior\WriteHtmlCacheBehavior [ RunTime:0.000209s ]
INFO: [ view_filter ] --END-- [ RunTime:0.000229s ]
INFO: [ app_end ] --START--
INFO: Run Behavior\ShowPageTraceBehavior [ RunTime:0.000288s ]
INFO: [ app_end ] --END-- [ RunTime:0.000311s ]

[ 2017-11-15T16:31:33+08:00 ] ::1 /sky/sky/index.php
INFO: [ app_init ] --START--
INFO: Run Behavior\BuildLiteBehavior [ RunTime:0.000008s ]
INFO: [ app_init ] --END-- [ RunTime:0.000224s ]
INFO: [ app_begin ] --START--
INFO: Run Behavior\ReadHtmlCacheBehavior [ RunTime:0.000271s ]
INFO: [ app_begin ] --END-- [ RunTime:0.000303s ]
INFO: [ view_parse ] --START--
INFO: [ template_filter ] --START--
INFO: Run Behavior\ContentReplaceBehavior [ RunTime:0.000048s ]
INFO: [ template_filter ] --END-- [ RunTime:0.000083s ]
INFO: Run Behavior\ParseTemplateBehavior [ RunTime:0.004397s ]
INFO: [ view_parse ] --END-- [ RunTime:0.004430s ]
INFO: [ view_filter ] --START--
INFO: Run Behavior\WriteHtmlCacheBehavior [ RunTime:0.000143s ]
INFO: [ view_filter ] --END-- [ RunTime:0.000165s ]
INFO: [ app_end ] --START--
INFO: Run Behavior\ShowPageTraceBehavior [ RunTime:0.000279s ]
INFO: [ app_end ] --END-- [ RunTime:0.000304s ]

[ 2017-11-15T16:31:40+08:00 ] ::1 /sky/sky/index.php
INFO: [ app_init ] --START--
INFO: Run Behavior\BuildLiteBehavior [ RunTime:0.000008s ]
INFO: [ app_init ] --END-- [ RunTime:0.000259s ]
INFO: [ app_begin ] --START--
INFO: Run Behavior\ReadHtmlCacheBehavior [ RunTime:0.000300s ]
INFO: [ app_begin ] --END-- [ RunTime:0.000334s ]
INFO: [ view_parse ] --START--
INFO: [ template_filter ] --START--
INFO: Run Behavior\ContentReplaceBehavior [ RunTime:0.000059s ]
INFO: [ template_filter ] --END-- [ RunTime:0.000101s ]
INFO: Run Behavior\ParseTemplateBehavior [ RunTime:0.011629s ]
INFO: [ view_parse ] --END-- [ RunTime:0.011663s ]
INFO: [ view_filter ] --START--
INFO: Run Behavior\WriteHtmlCacheBehavior [ RunTime:0.000183s ]
INFO: [ view_filter ] --END-- [ RunTime:0.000206s ]
INFO: [ app_end ] --START--
INFO: Run Behavior\ShowPageTraceBehavior [ RunTime:0.000317s ]
INFO: [ app_end ] --END-- [ RunTime:0.000342s ]

[ 2017-11-15T16:31:41+08:00 ] ::1 /sky/sky/index.php
INFO: [ app_init ] --START--
INFO: Run Behavior\BuildLiteBehavior [ RunTime:0.000008s ]
INFO: [ app_init ] --END-- [ RunTime:0.000217s ]
INFO: [ app_begin ] --START--
INFO: Run Behavior\ReadHtmlCacheBehavior [ RunTime:0.000269s ]
INFO: [ app_begin ] --END-- [ RunTime:0.000301s ]
INFO: [ view_parse ] --START--
INFO: [ template_filter ] --START--
INFO: Run Behavior\ContentReplaceBehavior [ RunTime:0.000046s ]
INFO: [ template_filter ] --END-- [ RunTime:0.000075s ]
INFO: Run Behavior\ParseTemplateBehavior [ RunTime:0.004314s ]
INFO: [ view_parse ] --END-- [ RunTime:0.004347s ]
INFO: [ view_filter ] --START--
INFO: Run Behavior\WriteHtmlCacheBehavior [ RunTime:0.000135s ]
INFO: [ view_filter ] --END-- [ RunTime:0.000156s ]
INFO: [ app_end ] --START--
INFO: Run Behavior\ShowPageTraceBehavior [ RunTime:0.000270s ]
INFO: [ app_end ] --END-- [ RunTime:0.000293s ]

[ 2017-11-15T16:31:43+08:00 ] ::1 /sky/sky/index.php
INFO: [ app_init ] --START--
INFO: Run Behavior\BuildLiteBehavior [ RunTime:0.000008s ]
INFO: [ app_init ] --END-- [ RunTime:0.000217s ]
INFO: [ app_begin ] --START--
INFO: Run Behavior\ReadHtmlCacheBehavior [ RunTime:0.000264s ]
INFO: [ app_begin ] --END-- [ RunTime:0.000295s ]
INFO: [ view_parse ] --START--
INFO: [ template_filter ] --START--
INFO: Run Behavior\ContentReplaceBehavior [ RunTime:0.000049s ]
INFO: [ template_filter ] --END-- [ RunTime:0.000085s ]
INFO: Run Behavior\ParseTemplateBehavior [ RunTime:0.004462s ]
INFO: [ view_parse ] --END-- [ RunTime:0.004497s ]
INFO: [ view_filter ] --START--
INFO: Run Behavior\WriteHtmlCacheBehavior [ RunTime:0.000143s ]
INFO: [ view_filter ] --END-- [ RunTime:0.000165s ]
INFO: [ app_end ] --START--
INFO: Run Behavior\ShowPageTraceBehavior [ RunTime:0.000286s ]
INFO: [ app_end ] --END-- [ RunTime:0.000310s ]

[ 2017-11-15T16:34:29+08:00 ] ::1 /sky/sky/index.php
INFO: [ app_init ] --START--
INFO: Run Behavior\BuildLiteBehavior [ RunTime:0.000010s ]
INFO: [ app_init ] --END-- [ RunTime:0.000281s ]
INFO: [ app_begin ] --START--
INFO: Run Behavior\ReadHtmlCacheBehavior [ RunTime:0.000313s ]
INFO: [ app_begin ] --END-- [ RunTime:0.000348s ]
INFO: [ view_parse ] --START--
INFO: [ template_filter ] --START--
INFO: Run Behavior\ContentReplaceBehavior [ RunTime:0.000066s ]
INFO: [ template_filter ] --END-- [ RunTime:0.000101s ]
INFO: Run Behavior\ParseTemplateBehavior [ RunTime:0.010933s ]
INFO: [ view_parse ] --END-- [ RunTime:0.010974s ]
INFO: [ view_filter ] --START--
INFO: Run Behavior\WriteHtmlCacheBehavior [ RunTime:0.000189s ]
INFO: [ view_filter ] --END-- [ RunTime:0.000213s ]
INFO: [ app_end ] --START--
INFO: Run Behavior\ShowPageTraceBehavior [ RunTime:0.000316s ]
INFO: [ app_end ] --END-- [ RunTime:0.000340s ]

[ 2017-11-15T16:37:57+08:00 ] ::1 /sky/sky/index.php
INFO: [ app_init ] --START--
INFO: Run Behavior\BuildLiteBehavior [ RunTime:0.000008s ]
INFO: [ app_init ] --END-- [ RunTime:0.000331s ]
INFO: [ app_begin ] --START--
INFO: Run Behavior\ReadHtmlCacheBehavior [ RunTime:0.000301s ]
INFO: [ app_begin ] --END-- [ RunTime:0.000338s ]
INFO: [ view_parse ] --START--
INFO: [ template_filter ] --START--
INFO: Run Behavior\ContentReplaceBehavior [ RunTime:0.000115s ]
INFO: [ template_filter ] --END-- [ RunTime:0.000184s ]
INFO: Run Behavior\ParseTemplateBehavior [ RunTime:0.013902s ]
INFO: [ view_parse ] --END-- [ RunTime:0.013969s ]
INFO: [ view_filter ] --START--
INFO: Run Behavior\WriteHtmlCacheBehavior [ RunTime:0.000372s ]
INFO: [ view_filter ] --END-- [ RunTime:0.000409s ]
INFO: [ app_end ] --START--
INFO: Run Behavior\ShowPageTraceBehavior [ RunTime:0.000318s ]
INFO: [ app_end ] --END-- [ RunTime:0.000338s ]

[ 2017-11-15T16:38:32+08:00 ] ::1 /sky/sky/index.php
INFO: [ app_init ] --START--
INFO: Run Behavior\BuildLiteBehavior [ RunTime:0.000010s ]
INFO: [ app_init ] --END-- [ RunTime:0.000360s ]
INFO: [ app_begin ] --START--
INFO: Run Behavior\ReadHtmlCacheBehavior [ RunTime:0.000331s ]
INFO: [ app_begin ] --END-- [ RunTime:0.000370s ]
INFO: [ view_parse ] --START--
INFO: [ template_filter ] --START--
INFO: Run Behavior\ContentReplaceBehavior [ RunTime:0.000074s ]
INFO: [ template_filter ] --END-- [ RunTime:0.000116s ]
INFO: Run Behavior\ParseTemplateBehavior [ RunTime:0.022116s ]
INFO: [ view_parse ] --END-- [ RunTime:0.022161s ]
INFO: [ view_filter ] --START--
INFO: Run Behavior\WriteHtmlCacheBehavior [ RunTime:0.000215s ]
INFO: [ view_filter ] --END-- [ RunTime:0.000238s ]
INFO: [ app_end ] --START--
INFO: Run Behavior\ShowPageTraceBehavior [ RunTime:0.000334s ]
INFO: [ app_end ] --END-- [ RunTime:0.000359s ]

[ 2017-11-15T16:41:40+08:00 ] ::1 /sky/sky/index.php
INFO: [ app_init ] --START--
INFO: Run Behavior\BuildLiteBehavior [ RunTime:0.000009s ]
INFO: [ app_init ] --END-- [ RunTime:0.000350s ]
INFO: [ app_begin ] --START--
INFO: Run Behavior\ReadHtmlCacheBehavior [ RunTime:0.000344s ]
INFO: [ app_begin ] --END-- [ RunTime:0.000386s ]
INFO: [ view_parse ] --START--
INFO: [ template_filter ] --START--
INFO: Run Behavior\ContentReplaceBehavior [ RunTime:0.000073s ]
INFO: [ template_filter ] --END-- [ RunTime:0.000114s ]
INFO: Run Behavior\ParseTemplateBehavior [ RunTime:0.015224s ]
INFO: [ view_parse ] --END-- [ RunTime:0.015262s ]
INFO: [ view_filter ] --START--
INFO: Run Behavior\WriteHtmlCacheBehavior [ RunTime:0.000199s ]
INFO: [ view_filter ] --END-- [ RunTime:0.000223s ]
INFO: [ app_end ] --START--
INFO: Run Behavior\ShowPageTraceBehavior [ RunTime:0.000323s ]
INFO: [ app_end ] --END-- [ RunTime:0.000348s ]

[ 2017-11-15T16:42:04+08:00 ] ::1 /sky/sky/index.php/Home/Index/saveInfo.html
INFO: [ app_init ] --START--
INFO: Run Behavior\BuildLiteBehavior [ RunTime:0.000009s ]
INFO: [ app_init ] --END-- [ RunTime:0.000221s ]
INFO: [ app_begin ] --START--
INFO: Run Behavior\ReadHtmlCacheBehavior [ RunTime:0.000353s ]
INFO: [ app_begin ] --END-- [ RunTime:0.000395s ]
SQL: SHOW COLUMNS FROM `sanfu_sky_info` [ RunTime:0.0043s ]
SQL: SELECT * FROM `sanfu_sky_info` WHERE `phone` = '13512345125' AND `date` = '2017.11.27'  [ RunTime:0.0043s ]
SQL: SELECT COUNT(*) AS tp_count FROM `sanfu_sky_info` WHERE `system_date` = '2017-11-15' LIMIT 1   [ RunTime:0.0036s ]
SQL: INSERT INTO `sanfu_sky_info` (`name`,`phone`,`date`,`system_date`) VALUES ('41234','13512345125','2017.11.27','2017-11-15') [ RunTime:0.0043s ]

[ 2017-11-15T17:24:09+08:00 ] ::1 /sky/sky/index.php/Home/Index/saveInfo
INFO: [ app_init ] --START--
INFO: Run Behavior\BuildLiteBehavior [ RunTime:0.000008s ]
INFO: [ app_init ] --END-- [ RunTime:0.000262s ]
INFO: [ app_begin ] --START--
INFO: Run Behavior\ReadHtmlCacheBehavior [ RunTime:0.000303s ]
INFO: [ app_begin ] --END-- [ RunTime:0.000334s ]
SQL: SHOW COLUMNS FROM `etd_sky_info` [ RunTime:0.0046s ]
SQL: SELECT * FROM `etd_sky_info` WHERE `phone` = '13514123412' AND `date` = '2017.11.26'  [ RunTime:0.0047s ]
SQL: SELECT COUNT(*) AS tp_count FROM `etd_sky_info` WHERE `system_date` = '2017-11-15' LIMIT 1   [ RunTime:0.0040s ]
SQL: INSERT INTO `etd_sky_info` (`name`,`phone`,`date`,`system_date`) VALUES ('4123','13514123412','2017.11.26','2017-11-15') [ RunTime:0.0046s ]

[ 2017-11-15T17:26:00+08:00 ] ::1 /sky/sky/index.php/Home/Index/saveInfo
INFO: [ app_init ] --START--
INFO: Run Behavior\BuildLiteBehavior [ RunTime:0.000009s ]
INFO: [ app_init ] --END-- [ RunTime:0.000219s ]
INFO: [ app_begin ] --START--
INFO: Run Behavior\ReadHtmlCacheBehavior [ RunTime:0.000264s ]
INFO: [ app_begin ] --END-- [ RunTime:0.000292s ]
SQL: SHOW COLUMNS FROM `etd_sky_info` [ RunTime:0.0043s ]
SQL: SELECT * FROM `etd_sky_info` WHERE `phone` = '13512345134' AND `date` = '2017.12.01'  [ RunTime:0.0044s ]
SQL: SELECT COUNT(*) AS tp_count FROM `etd_sky_info` WHERE `system_date` = '2017-11-15' LIMIT 1   [ RunTime:0.0038s ]
SQL: INSERT INTO `etd_sky_info` (`name`,`phone`,`date`,`system_date`) VALUES ('3124','13512345134','2017.12.01','2017-11-15') [ RunTime:0.0045s ]

[ 2017-11-15T17:26:46+08:00 ] ::1 /sky/sky/index.php/Home/Index/saveInfo
INFO: [ app_init ] --START--
INFO: Run Behavior\BuildLiteBehavior [ RunTime:0.000008s ]
INFO: [ app_init ] --END-- [ RunTime:0.000250s ]
INFO: [ app_begin ] --START--
INFO: Run Behavior\ReadHtmlCacheBehavior [ RunTime:0.000295s ]
INFO: [ app_begin ] --END-- [ RunTime:0.000324s ]
SQL: SHOW COLUMNS FROM `etd_sky_info` [ RunTime:0.0042s ]
SQL: SELECT * FROM `etd_sky_info` WHERE `phone` = '13714234124' AND `date` = '2017.11.27'  [ RunTime:0.0038s ]
SQL: SELECT COUNT(*) AS tp_count FROM `etd_sky_info` WHERE `system_date` = '2017-11-15' LIMIT 1   [ RunTime:0.0035s ]
SQL: INSERT INTO `etd_sky_info` (`name`,`phone`,`date`,`system_date`) VALUES ('41234','13714234124','2017.11.27','2017-11-15') [ RunTime:0.0045s ]

[ 2017-11-15T17:53:05+08:00 ] ::1 /sky/sky/index.php/Home/Common/currentUrl
INFO: [ app_init ] --START--
INFO: Run Behavior\BuildLiteBehavior [ RunTime:0.000009s ]
INFO: [ app_init ] --END-- [ RunTime:0.000279s ]
INFO: [ app_begin ] --START--
INFO: Run Behavior\ReadHtmlCacheBehavior [ RunTime:0.000308s ]
INFO: [ app_begin ] --END-- [ RunTime:0.000343s ]
INFO: [ app_end ] --START--
INFO: Run Behavior\ShowPageTraceBehavior [ RunTime:0.000310s ]
INFO: [ app_end ] --END-- [ RunTime:0.000339s ]

[ 2017-11-15T17:53:12+08:00 ] ::1 /sky/sky/index.php/Home/Common/currentUrl
INFO: [ app_init ] --START--
INFO: Run Behavior\BuildLiteBehavior [ RunTime:0.000010s ]
INFO: [ app_init ] --END-- [ RunTime:0.000236s ]
INFO: [ app_begin ] --START--
INFO: Run Behavior\ReadHtmlCacheBehavior [ RunTime:0.000292s ]
INFO: [ app_begin ] --END-- [ RunTime:0.000326s ]
INFO: [ app_end ] --START--
INFO: Run Behavior\ShowPageTraceBehavior [ RunTime:0.000344s ]
INFO: [ app_end ] --END-- [ RunTime:0.000381s ]

[ 2017-11-15T17:59:34+08:00 ] ::1 /sky/sky/index.php/Home/Index/currentUrl
INFO: [ app_init ] --START--
INFO: Run Behavior\BuildLiteBehavior [ RunTime:0.000010s ]
INFO: [ app_init ] --END-- [ RunTime:0.000280s ]
INFO: [ app_begin ] --START--
INFO: Run Behavior\ReadHtmlCacheBehavior [ RunTime:0.000316s ]
INFO: [ app_begin ] --END-- [ RunTime:0.000351s ]
INFO: [ app_end ] --START--
INFO: Run Behavior\ShowPageTraceBehavior [ RunTime:0.000327s ]
INFO: [ app_end ] --END-- [ RunTime:0.000360s ]

[ 2017-11-15T17:59:43+08:00 ] ::1 /sky/sky/index.php/Home/Index/currentUrl
INFO: [ app_init ] --START--
INFO: Run Behavior\BuildLiteBehavior [ RunTime:0.000008s ]
INFO: [ app_init ] --END-- [ RunTime:0.000223s ]
INFO: [ app_begin ] --START--
INFO: Run Behavior\ReadHtmlCacheBehavior [ RunTime:0.000269s ]
INFO: [ app_begin ] --END-- [ RunTime:0.000302s ]
INFO: [ app_end ] --START--
INFO: Run Behavior\ShowPageTraceBehavior [ RunTime:0.000273s ]
INFO: [ app_end ] --END-- [ RunTime:0.000304s ]

[ 2017-11-15T18:13:49+08:00 ] ::1 /sky/sky/index.php/Home/Index/auth2
INFO: [ app_init ] --START--
INFO: Run Behavior\BuildLiteBehavior [ RunTime:0.000009s ]
INFO: [ app_init ] --END-- [ RunTime:0.000415s ]
INFO: [ app_begin ] --START--
INFO: Run Behavior\ReadHtmlCacheBehavior [ RunTime:0.000536s ]
INFO: [ app_begin ] --END-- [ RunTime:0.000577s ]

[ 2017-11-15T18:15:39+08:00 ] ::1 /sky/sky/index.php/Home/Index/currentUrl
INFO: [ app_init ] --START--
INFO: Run Behavior\BuildLiteBehavior [ RunTime:0.000009s ]
INFO: [ app_init ] --END-- [ RunTime:0.000221s ]
INFO: [ app_begin ] --START--
INFO: Run Behavior\ReadHtmlCacheBehavior [ RunTime:0.000332s ]
INFO: [ app_begin ] --END-- [ RunTime:0.000363s ]
INFO: [ app_end ] --START--
INFO: Run Behavior\ShowPageTraceBehavior [ RunTime:0.000313s ]
INFO: [ app_end ] --END-- [ RunTime:0.000358s ]

[ 2017-11-15T18:25:10+08:00 ] ::1 /sky/sky/index.php
INFO: [ app_init ] --START--
INFO: Run Behavior\BuildLiteBehavior [ RunTime:0.000008s ]
INFO: [ app_init ] --END-- [ RunTime:0.000252s ]
INFO: [ app_begin ] --START--
INFO: Run Behavior\ReadHtmlCacheBehavior [ RunTime:0.000326s ]
INFO: [ app_begin ] --END-- [ RunTime:0.000358s ]
INFO: [ view_parse ] --START--
INFO: [ template_filter ] --START--
INFO: Run Behavior\ContentReplaceBehavior [ RunTime:0.000101s ]
INFO: [ template_filter ] --END-- [ RunTime:0.000137s ]
INFO: Run Behavior\ParseTemplateBehavior [ RunTime:0.032930s ]
INFO: [ view_parse ] --END-- [ RunTime:0.032972s ]
INFO: [ view_filter ] --START--
INFO: Run Behavior\WriteHtmlCacheBehavior [ RunTime:0.000175s ]
INFO: [ view_filter ] --END-- [ RunTime:0.000196s ]
INFO: [ app_end ] --START--
INFO: Run Behavior\ShowPageTraceBehavior [ RunTime:0.000382s ]
INFO: [ app_end ] --END-- [ RunTime:0.000409s ]

[ 2017-11-15T18:25:31+08:00 ] ::1 /sky/sky/index.php
INFO: [ app_init ] --START--
INFO: Run Behavior\BuildLiteBehavior [ RunTime:0.000009s ]
INFO: [ app_init ] --END-- [ RunTime:0.000247s ]
INFO: [ app_begin ] --START--
INFO: Run Behavior\ReadHtmlCacheBehavior [ RunTime:0.000277s ]
INFO: [ app_begin ] --END-- [ RunTime:0.000308s ]
INFO: [ view_parse ] --START--
INFO: [ template_filter ] --START--
INFO: Run Behavior\ContentReplaceBehavior [ RunTime:0.000064s ]
INFO: [ template_filter ] --END-- [ RunTime:0.000094s ]
INFO: Run Behavior\ParseTemplateBehavior [ RunTime:0.022623s ]
INFO: [ view_parse ] --END-- [ RunTime:0.022670s ]
INFO: [ view_filter ] --START--
INFO: Run Behavior\WriteHtmlCacheBehavior [ RunTime:0.000178s ]
INFO: [ view_filter ] --END-- [ RunTime:0.000201s ]
INFO: [ app_end ] --START--
INFO: Run Behavior\ShowPageTraceBehavior [ RunTime:0.000302s ]
INFO: [ app_end ] --END-- [ RunTime:0.000326s ]

[ 2017-11-15T18:25:52+08:00 ] ::1 /sky/sky/index.php
INFO: [ app_init ] --START--
INFO: Run Behavior\BuildLiteBehavior [ RunTime:0.000010s ]
INFO: [ app_init ] --END-- [ RunTime:0.000233s ]
INFO: [ app_begin ] --START--
INFO: Run Behavior\ReadHtmlCacheBehavior [ RunTime:0.000287s ]
INFO: [ app_begin ] --END-- [ RunTime:0.000321s ]
INFO: [ view_parse ] --START--
INFO: [ template_filter ] --START--
INFO: Run Behavior\ContentReplaceBehavior [ RunTime:0.000076s ]
INFO: [ template_filter ] --END-- [ RunTime:0.000111s ]
INFO: Run Behavior\ParseTemplateBehavior [ RunTime:0.025986s ]
INFO: [ view_parse ] --END-- [ RunTime:0.026032s ]
INFO: [ view_filter ] --START--
INFO: Run Behavior\WriteHtmlCacheBehavior [ RunTime:0.000151s ]
INFO: [ view_filter ] --END-- [ RunTime:0.000174s ]
INFO: [ app_end ] --START--
INFO: Run Behavior\ShowPageTraceBehavior [ RunTime:0.000313s ]
INFO: [ app_end ] --END-- [ RunTime:0.000337s ]

[ 2017-11-15T18:26:06+08:00 ] ::1 /sky/sky/index.php
INFO: [ app_init ] --START--
INFO: Run Behavior\BuildLiteBehavior [ RunTime:0.000009s ]
INFO: [ app_init ] --END-- [ RunTime:0.000229s ]
INFO: [ app_begin ] --START--
INFO: Run Behavior\ReadHtmlCacheBehavior [ RunTime:0.000278s ]
INFO: [ app_begin ] --END-- [ RunTime:0.000311s ]
INFO: [ view_parse ] --START--
INFO: [ template_filter ] --START--
INFO: Run Behavior\ContentReplaceBehavior [ RunTime:0.000072s ]
INFO: [ template_filter ] --END-- [ RunTime:0.000104s ]
INFO: Run Behavior\ParseTemplateBehavior [ RunTime:0.025307s ]
INFO: [ view_parse ] --END-- [ RunTime:0.025350s ]
INFO: [ view_filter ] --START--
INFO: Run Behavior\WriteHtmlCacheBehavior [ RunTime:0.000137s ]
INFO: [ view_filter ] --END-- [ RunTime:0.000157s ]
INFO: [ app_end ] --START--
INFO: Run Behavior\ShowPageTraceBehavior [ RunTime:0.000310s ]
INFO: [ app_end ] --END-- [ RunTime:0.000333s ]

[ 2017-11-15T18:26:33+08:00 ] ::1 /sky/sky/index.php
INFO: [ app_init ] --START--
INFO: Run Behavior\BuildLiteBehavior [ RunTime:0.000008s ]
INFO: [ app_init ] --END-- [ RunTime:0.000227s ]
INFO: [ app_begin ] --START--
INFO: Run Behavior\ReadHtmlCacheBehavior [ RunTime:0.000266s ]
INFO: [ app_begin ] --END-- [ RunTime:0.000297s ]
INFO: [ view_parse ] --START--
INFO: [ template_filter ] --START--
INFO: Run Behavior\ContentReplaceBehavior [ RunTime:0.000067s ]
INFO: [ template_filter ] --END-- [ RunTime:0.000102s ]
INFO: Run Behavior\ParseTemplateBehavior [ RunTime:0.021665s ]
INFO: [ view_parse ] --END-- [ RunTime:0.021737s ]
INFO: [ view_filter ] --START--
INFO: Run Behavior\WriteHtmlCacheBehavior [ RunTime:0.000138s ]
INFO: [ view_filter ] --END-- [ RunTime:0.000158s ]
INFO: [ app_end ] --START--
INFO: Run Behavior\ShowPageTraceBehavior [ RunTime:0.000316s ]
INFO: [ app_end ] --END-- [ RunTime:0.000339s ]

